This is pdfTeX, Version 3.14159265-2.6-1.40.16 (MiKTeX 2.9) (preloaded format=pdflatex 2016.4.20)  17 JUN 2016 21:02
entering extended mode
**./main.tex
(main.tex
LaTeX2e <2015/10/01> patch level 2
Babel <3.9n> and hyphenation patterns for 69 languages loaded.
("C:\Users\Michael\AppData\Local\Programs\MiKTeX 2.9\tex\latex\base\article.cls
"
Document Class: article 2014/09/29 v1.4h Standard LaTeX document class
("C:\Users\Michael\AppData\Local\Programs\MiKTeX 2.9\tex\latex\base\size10.clo"
File: size10.clo 2014/09/29 v1.4h Standard LaTeX file (size option)
)
\c@part=\count79
\c@section=\count80
\c@subsection=\count81
\c@subsubsection=\count82
\c@paragraph=\count83
\c@subparagraph=\count84
\c@figure=\count85
\c@table=\count86
\abovecaptionskip=\skip41
\belowcaptionskip=\skip42
\bibindent=\dimen102
)
("C:\Users\Michael\AppData\Local\Programs\MiKTeX 2.9\tex\latex\hyperref\hyperre
f.sty"
Package: hyperref 2012/11/06 v6.83m Hypertext links for LaTeX

("C:\Users\Michael\AppData\Local\Programs\MiKTeX 2.9\tex\generic\oberdiek\hobsu
b-hyperref.sty"
Package: hobsub-hyperref 2012/04/25 v1.12 Bundle oberdiek, subset hyperref (HO)


("C:\Users\Michael\AppData\Local\Programs\MiKTeX 2.9\tex\generic\oberdiek\hobsu
b-generic.sty"
Package: hobsub-generic 2012/04/25 v1.12 Bundle oberdiek, subset generic (HO)
Package: hobsub 2012/04/25 v1.12 Construct package bundles (HO)
Package: infwarerr 2010/04/08 v1.3 Providing info/warning/error messages (HO)
Package: ltxcmds 2011/11/09 v1.22 LaTeX kernel commands for general use (HO)
Package: ifluatex 2010/03/01 v1.3 Provides the ifluatex switch (HO)
Package ifluatex Info: LuaTeX not detected.
Package: ifvtex 2010/03/01 v1.5 Detect VTeX and its facilities (HO)
Package ifvtex Info: VTeX not detected.
Package: intcalc 2007/09/27 v1.1 Expandable calculations with integers (HO)
Package: ifpdf 2011/01/30 v2.3 Provides the ifpdf switch (HO)
Package ifpdf Info: pdfTeX in PDF mode is detected.
Package: etexcmds 2011/02/16 v1.5 Avoid name clashes with e-TeX commands (HO)
Package etexcmds Info: Could not find \expanded.
(etexcmds)             That can mean that you are not using pdfTeX 1.50 or
(etexcmds)             that some package has redefined \expanded.
(etexcmds)             In the latter case, load this package earlier.
Package: kvsetkeys 2012/04/25 v1.16 Key value parser (HO)
Package: kvdefinekeys 2011/04/07 v1.3 Define keys (HO)
Package: pdftexcmds 2011/11/29 v0.20 Utility functions of pdfTeX for LuaTeX (HO
)
Package pdftexcmds Info: LuaTeX not detected.
Package pdftexcmds Info: \pdf@primitive is available.
Package pdftexcmds Info: \pdf@ifprimitive is available.
Package pdftexcmds Info: \pdfdraftmode found.
Package: pdfescape 2011/11/25 v1.13 Implements pdfTeX's escape features (HO)
Package: bigintcalc 2012/04/08 v1.3 Expandable calculations on big integers (HO
)
Package: bitset 2011/01/30 v1.1 Handle bit-vector datatype (HO)
Package: uniquecounter 2011/01/30 v1.2 Provide unlimited unique counter (HO)
)
Package hobsub Info: Skipping package `hobsub' (already loaded).
Package: letltxmacro 2010/09/02 v1.4 Let assignment for LaTeX macros (HO)
Package: hopatch 2011/06/24 v1.1 Wrapper for package hooks (HO)
Package: xcolor-patch 2011/01/30 xcolor patch
Package: atveryend 2011/06/30 v1.8 Hooks at the very end of document (HO)
Package atveryend Info: \enddocument detected (standard20110627).
Package: atbegshi 2011/10/05 v1.16 At begin shipout hook (HO)
Package: refcount 2011/10/16 v3.4 Data extraction from label references (HO)
Package: hycolor 2011/01/30 v1.7 Color options for hyperref/bookmark (HO)
)
("C:\Users\Michael\AppData\Local\Programs\MiKTeX 2.9\tex\latex\graphics\keyval.
sty"
Package: keyval 2014/10/28 v1.15 key=value parser (DPC)
\KV@toks@=\toks14
)
("C:\Users\Michael\AppData\Local\Programs\MiKTeX 2.9\tex\generic\ifxetex\ifxete
x.sty"
Package: ifxetex 2010/09/12 v0.6 Provides ifxetex conditional
)
("C:\Users\Michael\AppData\Local\Programs\MiKTeX 2.9\tex\latex\oberdiek\auxhook
.sty"
Package: auxhook 2011/03/04 v1.3 Hooks for auxiliary files (HO)
)
("C:\Users\Michael\AppData\Local\Programs\MiKTeX 2.9\tex\latex\oberdiek\kvoptio
ns.sty"
Package: kvoptions 2011/06/30 v3.11 Key value format for package options (HO)
)
\@linkdim=\dimen103
\Hy@linkcounter=\count87
\Hy@pagecounter=\count88

("C:\Users\Michael\AppData\Local\Programs\MiKTeX 2.9\tex\latex\hyperref\pd1enc.
def"
File: pd1enc.def 2012/11/06 v6.83m Hyperref: PDFDocEncoding definition (HO)
)
\Hy@SavedSpaceFactor=\count89

("C:\Users\Michael\AppData\Local\Programs\MiKTeX 2.9\tex\latex\00miktex\hyperre
f.cfg"
File: hyperref.cfg 2002/06/06 v1.2 hyperref configuration of TeXLive
)
Package hyperref Info: Hyper figures OFF on input line 4443.
Package hyperref Info: Link nesting OFF on input line 4448.
Package hyperref Info: Hyper index ON on input line 4451.
Package hyperref Info: Plain pages OFF on input line 4458.
Package hyperref Info: Backreferencing OFF on input line 4463.
Package hyperref Info: Implicit mode ON; LaTeX internals redefined.
Package hyperref Info: Bookmarks ON on input line 4688.
\c@Hy@tempcnt=\count90

("C:\Users\Michael\AppData\Local\Programs\MiKTeX 2.9\tex\latex\url\url.sty"
\Urlmuskip=\muskip10
Package: url 2013/09/16  ver 3.4  Verb mode for urls, etc.
)
LaTeX Info: Redefining \url on input line 5041.
\XeTeXLinkMargin=\dimen104
\Fld@menulength=\count91
\Field@Width=\dimen105
\Fld@charsize=\dimen106
Package hyperref Info: Hyper figures OFF on input line 6295.
Package hyperref Info: Link nesting OFF on input line 6300.
Package hyperref Info: Hyper index ON on input line 6303.
Package hyperref Info: backreferencing OFF on input line 6310.
Package hyperref Info: Link coloring OFF on input line 6315.
Package hyperref Info: Link coloring with OCG OFF on input line 6320.
Package hyperref Info: PDF/A mode OFF on input line 6325.
LaTeX Info: Redefining \ref on input line 6365.
LaTeX Info: Redefining \pageref on input line 6369.
\Hy@abspage=\count92
\c@Item=\count93
\c@Hfootnote=\count94
)

Package hyperref Message: Driver (autodetected): hpdftex.


("C:\Users\Michael\AppData\Local\Programs\MiKTeX 2.9\tex\latex\hyperref\hpdftex
.def"
File: hpdftex.def 2012/11/06 v6.83m Hyperref driver for pdfTeX
\Fld@listcount=\count95
\c@bookmark@seq@number=\count96

("C:\Users\Michael\AppData\Local\Programs\MiKTeX 2.9\tex\latex\oberdiek\rerunfi
lecheck.sty"
Package: rerunfilecheck 2011/04/15 v1.7 Rerun checks for auxiliary files (HO)
Package uniquecounter Info: New unique counter `rerunfilecheck' on input line 2
82.
)
\Hy@SectionHShift=\skip43
)
("C:\Users\Michael\AppData\Local\Programs\MiKTeX 2.9\tex\latex\pdfpages\pdfpage
s.sty"
Package: pdfpages 2016/04/13 v0.5e Insert pages of external PDF documents (AM)

("C:\Users\Michael\AppData\Local\Programs\MiKTeX 2.9\tex\latex\base\ifthen.sty"
Package: ifthen 2014/09/29 v1.1c Standard LaTeX ifthen package (DPC)
) ("C:\Users\Michael\AppData\Local\Programs\MiKTeX 2.9\tex\latex\tools\calc.sty
"
Package: calc 2014/10/28 v4.3 Infix arithmetic (KKT,FJ)
\calc@Acount=\count97
\calc@Bcount=\count98
\calc@Adimen=\dimen107
\calc@Bdimen=\dimen108
\calc@Askip=\skip44
\calc@Bskip=\skip45
LaTeX Info: Redefining \setlength on input line 80.
LaTeX Info: Redefining \addtolength on input line 81.
\calc@Ccount=\count99
\calc@Cskip=\skip46
)
("C:\Users\Michael\AppData\Local\Programs\MiKTeX 2.9\tex\latex\eso-pic\eso-pic.
sty"
Package: eso-pic 2015/07/21 v2.0g eso-pic (RN)

("C:\Users\Michael\AppData\Local\Programs\MiKTeX 2.9\tex\latex\xcolor\xcolor.st
y"
Package: xcolor 2007/01/21 v2.11 LaTeX color extensions (UK)

("C:\Users\Michael\AppData\Local\Programs\MiKTeX 2.9\tex\latex\00miktex\color.c
fg"
File: color.cfg 2007/01/18 v1.5 color configuration of teTeX/TeXLive
)
Package xcolor Info: Driver file: pdftex.def on input line 225.

("C:\Users\Michael\AppData\Local\Programs\MiKTeX 2.9\tex\latex\pdftex-def\pdfte
x.def"
File: pdftex.def 2011/05/27 v0.06d Graphics/color for pdfTeX
\Gread@gobject=\count100
)
Package xcolor Info: Model `cmy' substituted by `cmy0' on input line 1337.
Package xcolor Info: Model `hsb' substituted by `rgb' on input line 1341.
Package xcolor Info: Model `RGB' extended on input line 1353.
Package xcolor Info: Model `HTML' substituted by `rgb' on input line 1355.
Package xcolor Info: Model `Hsb' substituted by `hsb' on input line 1356.
Package xcolor Info: Model `tHsb' substituted by `hsb' on input line 1357.
Package xcolor Info: Model `HSB' substituted by `hsb' on input line 1358.
Package xcolor Info: Model `Gray' substituted by `gray' on input line 1359.
Package xcolor Info: Model `wave' substituted by `hsb' on input line 1360.
))
("C:\Users\Michael\AppData\Local\Programs\MiKTeX 2.9\tex\latex\graphics\graphic
x.sty"
Package: graphicx 2014/10/28 v1.0g Enhanced LaTeX Graphics (DPC,SPQR)

("C:\Users\Michael\AppData\Local\Programs\MiKTeX 2.9\tex\latex\graphics\graphic
s.sty"
Package: graphics 2014/10/28 v1.0p Standard LaTeX Graphics (DPC,SPQR)

("C:\Users\Michael\AppData\Local\Programs\MiKTeX 2.9\tex\latex\graphics\trig.st
y"
Package: trig 1999/03/16 v1.09 sin cos tan (DPC)
)
("C:\Users\Michael\AppData\Local\Programs\MiKTeX 2.9\tex\latex\00miktex\graphic
s.cfg"
File: graphics.cfg 2007/01/18 v1.5 graphics configuration of teTeX/TeXLive
)
Package graphics Info: Driver file: pdftex.def on input line 94.
)
\Gin@req@height=\dimen109
\Gin@req@width=\dimen110
)
\AM@pagewidth=\dimen111
\AM@pageheight=\dimen112

("C:\Users\Michael\AppData\Local\Programs\MiKTeX 2.9\tex\latex\pdfpages\pppdfte
x.def"
File: pppdftex.def 2016/04/13 v0.5e Pdfpages driver for pdfTeX (AM)
)
\AM@pagebox=\box26
\AM@toc@title=\toks15
\c@AM@survey=\count101
\AM@templatesizebox=\box27
)
("C:\Users\Michael\AppData\Local\Programs\MiKTeX 2.9\tex\latex\booktabs\booktab
s.sty"
Package: booktabs 2005/04/14 v1.61803 publication quality tables
\heavyrulewidth=\dimen113
\lightrulewidth=\dimen114
\cmidrulewidth=\dimen115
\belowrulesep=\dimen116
\belowbottomsep=\dimen117
\aboverulesep=\dimen118
\abovetopsep=\dimen119
\cmidrulesep=\dimen120
\cmidrulekern=\dimen121
\defaultaddspace=\dimen122
\@cmidla=\count102
\@cmidlb=\count103
\@aboverulesep=\dimen123
\@belowrulesep=\dimen124
\@thisruleclass=\count104
\@lastruleclass=\count105
\@thisrulewidth=\dimen125
)
("C:\Users\Michael\AppData\Local\Programs\MiKTeX 2.9\tex\latex\base\inputenc.st
y"
Package: inputenc 2015/03/17 v1.2c Input encoding file
\inpenc@prehook=\toks16
\inpenc@posthook=\toks17
 ("C:\Users\Michael\AppData\Local\Programs\MiKTeX 2.9\tex\latex\base\utf8.def"
File: utf8.def 2015/09/07 v1.1p UTF-8 support for inputenc
Now handling font encoding OML ...
... no UTF-8 mapping file for font encoding OML
Now handling font encoding T1 ...
... processing UTF-8 mapping file for font encoding T1
 ("C:\Users\Michael\AppData\Local\Programs\MiKTeX 2.9\tex\latex\base\t1enc.dfu"
File: t1enc.dfu 2015/09/07 v1.1p UTF-8 support for inputenc
   defining Unicode char U+00A0 (decimal 160)
   defining Unicode char U+00A1 (decimal 161)
   defining Unicode char U+00A3 (decimal 163)
   defining Unicode char U+00AB (decimal 171)
   defining Unicode char U+00AD (decimal 173)
   defining Unicode char U+00BB (decimal 187)
   defining Unicode char U+00BF (decimal 191)
   defining Unicode char U+00C0 (decimal 192)
   defining Unicode char U+00C1 (decimal 193)
   defining Unicode char U+00C2 (decimal 194)
   defining Unicode char U+00C3 (decimal 195)
   defining Unicode char U+00C4 (decimal 196)
   defining Unicode char U+00C5 (decimal 197)
   defining Unicode char U+00C6 (decimal 198)
   defining Unicode char U+00C7 (decimal 199)
   defining Unicode char U+00C8 (decimal 200)
   defining Unicode char U+00C9 (decimal 201)
   defining Unicode char U+00CA (decimal 202)
   defining Unicode char U+00CB (decimal 203)
   defining Unicode char U+00CC (decimal 204)
   defining Unicode char U+00CD (decimal 205)
   defining Unicode char U+00CE (decimal 206)
   defining Unicode char U+00CF (decimal 207)
   defining Unicode char U+00D0 (decimal 208)
   defining Unicode char U+00D1 (decimal 209)
   defining Unicode char U+00D2 (decimal 210)
   defining Unicode char U+00D3 (decimal 211)
   defining Unicode char U+00D4 (decimal 212)
   defining Unicode char U+00D5 (decimal 213)
   defining Unicode char U+00D6 (decimal 214)
   defining Unicode char U+00D8 (decimal 216)
   defining Unicode char U+00D9 (decimal 217)
   defining Unicode char U+00DA (decimal 218)
   defining Unicode char U+00DB (decimal 219)
   defining Unicode char U+00DC (decimal 220)
   defining Unicode char U+00DD (decimal 221)
   defining Unicode char U+00DE (decimal 222)
   defining Unicode char U+00DF (decimal 223)
   defining Unicode char U+00E0 (decimal 224)
   defining Unicode char U+00E1 (decimal 225)
   defining Unicode char U+00E2 (decimal 226)
   defining Unicode char U+00E3 (decimal 227)
   defining Unicode char U+00E4 (decimal 228)
   defining Unicode char U+00E5 (decimal 229)
   defining Unicode char U+00E6 (decimal 230)
   defining Unicode char U+00E7 (decimal 231)
   defining Unicode char U+00E8 (decimal 232)
   defining Unicode char U+00E9 (decimal 233)
   defining Unicode char U+00EA (decimal 234)
   defining Unicode char U+00EB (decimal 235)
   defining Unicode char U+00EC (decimal 236)
   defining Unicode char U+00ED (decimal 237)
   defining Unicode char U+00EE (decimal 238)
   defining Unicode char U+00EF (decimal 239)
   defining Unicode char U+00F0 (decimal 240)
   defining Unicode char U+00F1 (decimal 241)
   defining Unicode char U+00F2 (decimal 242)
   defining Unicode char U+00F3 (decimal 243)
   defining Unicode char U+00F4 (decimal 244)
   defining Unicode char U+00F5 (decimal 245)
   defining Unicode char U+00F6 (decimal 246)
   defining Unicode char U+00F8 (decimal 248)
   defining Unicode char U+00F9 (decimal 249)
   defining Unicode char U+00FA (decimal 250)
   defining Unicode char U+00FB (decimal 251)
   defining Unicode char U+00FC (decimal 252)
   defining Unicode char U+00FD (decimal 253)
   defining Unicode char U+00FE (decimal 254)
   defining Unicode char U+00FF (decimal 255)
   defining Unicode char U+0102 (decimal 258)
   defining Unicode char U+0103 (decimal 259)
   defining Unicode char U+0104 (decimal 260)
   defining Unicode char U+0105 (decimal 261)
   defining Unicode char U+0106 (decimal 262)
   defining Unicode char U+0107 (decimal 263)
   defining Unicode char U+010C (decimal 268)
   defining Unicode char U+010D (decimal 269)
   defining Unicode char U+010E (decimal 270)
   defining Unicode char U+010F (decimal 271)
   defining Unicode char U+0110 (decimal 272)
   defining Unicode char U+0111 (decimal 273)
   defining Unicode char U+0118 (decimal 280)
   defining Unicode char U+0119 (decimal 281)
   defining Unicode char U+011A (decimal 282)
   defining Unicode char U+011B (decimal 283)
   defining Unicode char U+011E (decimal 286)
   defining Unicode char U+011F (decimal 287)
   defining Unicode char U+0130 (decimal 304)
   defining Unicode char U+0131 (decimal 305)
   defining Unicode char U+0132 (decimal 306)
   defining Unicode char U+0133 (decimal 307)
   defining Unicode char U+0139 (decimal 313)
   defining Unicode char U+013A (decimal 314)
   defining Unicode char U+013D (decimal 317)
   defining Unicode char U+013E (decimal 318)
   defining Unicode char U+0141 (decimal 321)
   defining Unicode char U+0142 (decimal 322)
   defining Unicode char U+0143 (decimal 323)
   defining Unicode char U+0144 (decimal 324)
   defining Unicode char U+0147 (decimal 327)
   defining Unicode char U+0148 (decimal 328)
   defining Unicode char U+014A (decimal 330)
   defining Unicode char U+014B (decimal 331)
   defining Unicode char U+0150 (decimal 336)
   defining Unicode char U+0151 (decimal 337)
   defining Unicode char U+0152 (decimal 338)
   defining Unicode char U+0153 (decimal 339)
   defining Unicode char U+0154 (decimal 340)
   defining Unicode char U+0155 (decimal 341)
   defining Unicode char U+0158 (decimal 344)
   defining Unicode char U+0159 (decimal 345)
   defining Unicode char U+015A (decimal 346)
   defining Unicode char U+015B (decimal 347)
   defining Unicode char U+015E (decimal 350)
   defining Unicode char U+015F (decimal 351)
   defining Unicode char U+0160 (decimal 352)
   defining Unicode char U+0161 (decimal 353)
   defining Unicode char U+0162 (decimal 354)
   defining Unicode char U+0163 (decimal 355)
   defining Unicode char U+0164 (decimal 356)
   defining Unicode char U+0165 (decimal 357)
   defining Unicode char U+016E (decimal 366)
   defining Unicode char U+016F (decimal 367)
   defining Unicode char U+0170 (decimal 368)
   defining Unicode char U+0171 (decimal 369)
   defining Unicode char U+0174 (decimal 372)
   defining Unicode char U+0175 (decimal 373)
   defining Unicode char U+0176 (decimal 374)
   defining Unicode char U+0177 (decimal 375)
   defining Unicode char U+0178 (decimal 376)
   defining Unicode char U+0179 (decimal 377)
   defining Unicode char U+017A (decimal 378)
   defining Unicode char U+017B (decimal 379)
   defining Unicode char U+017C (decimal 380)
   defining Unicode char U+017D (decimal 381)
   defining Unicode char U+017E (decimal 382)
   defining Unicode char U+0218 (decimal 536)
   defining Unicode char U+0219 (decimal 537)
   defining Unicode char U+021A (decimal 538)
   defining Unicode char U+021B (decimal 539)
   defining Unicode char U+200C (decimal 8204)
   defining Unicode char U+2013 (decimal 8211)
   defining Unicode char U+2014 (decimal 8212)
   defining Unicode char U+2018 (decimal 8216)
   defining Unicode char U+2019 (decimal 8217)
   defining Unicode char U+201A (decimal 8218)
   defining Unicode char U+201C (decimal 8220)
   defining Unicode char U+201D (decimal 8221)
   defining Unicode char U+201E (decimal 8222)
   defining Unicode char U+2030 (decimal 8240)
   defining Unicode char U+2031 (decimal 8241)
   defining Unicode char U+2039 (decimal 8249)
   defining Unicode char U+203A (decimal 8250)
   defining Unicode char U+2423 (decimal 9251)
)
Now handling font encoding OT1 ...
... processing UTF-8 mapping file for font encoding OT1

("C:\Users\Michael\AppData\Local\Programs\MiKTeX 2.9\tex\latex\base\ot1enc.dfu"
File: ot1enc.dfu 2015/09/07 v1.1p UTF-8 support for inputenc
   defining Unicode char U+00A0 (decimal 160)
   defining Unicode char U+00A1 (decimal 161)
   defining Unicode char U+00A3 (decimal 163)
   defining Unicode char U+00AD (decimal 173)
   defining Unicode char U+00B8 (decimal 184)
   defining Unicode char U+00BF (decimal 191)
   defining Unicode char U+00C5 (decimal 197)
   defining Unicode char U+00C6 (decimal 198)
   defining Unicode char U+00D8 (decimal 216)
   defining Unicode char U+00DF (decimal 223)
   defining Unicode char U+00E6 (decimal 230)
   defining Unicode char U+00EC (decimal 236)
   defining Unicode char U+00ED (decimal 237)
   defining Unicode char U+00EE (decimal 238)
   defining Unicode char U+00EF (decimal 239)
   defining Unicode char U+00F8 (decimal 248)
   defining Unicode char U+0131 (decimal 305)
   defining Unicode char U+0141 (decimal 321)
   defining Unicode char U+0142 (decimal 322)
   defining Unicode char U+0152 (decimal 338)
   defining Unicode char U+0153 (decimal 339)
   defining Unicode char U+0174 (decimal 372)
   defining Unicode char U+0175 (decimal 373)
   defining Unicode char U+0176 (decimal 374)
   defining Unicode char U+0177 (decimal 375)
   defining Unicode char U+0218 (decimal 536)
   defining Unicode char U+0219 (decimal 537)
   defining Unicode char U+021A (decimal 538)
   defining Unicode char U+021B (decimal 539)
   defining Unicode char U+2013 (decimal 8211)
   defining Unicode char U+2014 (decimal 8212)
   defining Unicode char U+2018 (decimal 8216)
   defining Unicode char U+2019 (decimal 8217)
   defining Unicode char U+201C (decimal 8220)
   defining Unicode char U+201D (decimal 8221)
)
Now handling font encoding OMS ...
... processing UTF-8 mapping file for font encoding OMS
 ("C:\Users\Michael\AppData\Local\Programs\MiKTeX 2.9\tex\latex\base\omsenc.dfu
"
File: omsenc.dfu 2015/09/07 v1.1p UTF-8 support for inputenc
   defining Unicode char U+00A7 (decimal 167)
   defining Unicode char U+00B6 (decimal 182)
   defining Unicode char U+00B7 (decimal 183)
   defining Unicode char U+2020 (decimal 8224)
   defining Unicode char U+2021 (decimal 8225)
   defining Unicode char U+2022 (decimal 8226)
)
Now handling font encoding OMX ...
... no UTF-8 mapping file for font encoding OMX
Now handling font encoding U ...
... no UTF-8 mapping file for font encoding U
Now handling font encoding PD1 ...
... no UTF-8 mapping file for font encoding PD1
   defining Unicode char U+00A9 (decimal 169)
   defining Unicode char U+00AA (decimal 170)
   defining Unicode char U+00AE (decimal 174)
   defining Unicode char U+00BA (decimal 186)
   defining Unicode char U+02C6 (decimal 710)
   defining Unicode char U+02DC (decimal 732)
   defining Unicode char U+200C (decimal 8204)
   defining Unicode char U+2026 (decimal 8230)
   defining Unicode char U+2122 (decimal 8482)
   defining Unicode char U+2423 (decimal 9251)
))
("C:\Users\Michael\AppData\Local\Programs\MiKTeX 2.9\tex\latex\sectsty\sectsty.
sty"
Package: sectsty 2002/02/25 v2.0.2 Commands to change all sectional heading sty
les
)
("C:\Users\Michael\AppData\Local\Programs\MiKTeX 2.9\tex\generic\babel\babel.st
y"
Package: babel 2016/01/08 3.9n The Babel package

*************************************
* Local config file bblopts.cfg used
*

("C:\Users\Michael\AppData\Local\Programs\MiKTeX 2.9\tex\latex\00miktex\bblopts
.cfg"
File: bblopts.cfg 2006/07/31 v1.0 MiKTeX 'babel' configuration
)
("C:\Users\Michael\AppData\Local\Programs\MiKTeX 2.9\tex\latex\babel-dutch\dutc
h.ldf"
Language: dutch 2005/03/30 v3.8i Dutch support from the babel system

("C:\Users\Michael\AppData\Local\Programs\MiKTeX 2.9\tex\generic\babel\babel.de
f"
File: babel.def 2016/01/08 3.9n Babel common definitions
\babel@savecnt=\count106
\U@D=\dimen126
)
Package babel Info: Making " an active character on input line 132.
))
("C:\Users\Michael\AppData\Local\Programs\MiKTeX 2.9\tex\latex\geometry\geometr
y.sty"
Package: geometry 2010/09/12 v5.6 Page Geometry
\Gm@cnth=\count107
\Gm@cntv=\count108
\c@Gm@tempcnt=\count109
\Gm@bindingoffset=\dimen127
\Gm@wd@mp=\dimen128
\Gm@odd@mp=\dimen129
\Gm@even@mp=\dimen130
\Gm@layoutwidth=\dimen131
\Gm@layoutheight=\dimen132
\Gm@layouthoffset=\dimen133
\Gm@layoutvoffset=\dimen134
\Gm@dimlist=\toks18

("C:\Users\Michael\AppData\Local\Programs\MiKTeX 2.9\tex\latex\geometry\geometr
y.cfg"))
("C:\Users\Michael\AppData\Local\Programs\MiKTeX 2.9\tex\latex\float\float.sty"
Package: float 2001/11/08 v1.3d Float enhancements (AL)
\c@float@type=\count110
\float@exts=\toks19
\float@box=\box28
\@float@everytoks=\toks20
\@floatcapt=\box29
)
("C:\Users\Michael\AppData\Local\Programs\MiKTeX 2.9\tex\latex\caption\caption.
sty"
Package: caption 2016/02/21 v3.3-144 Customizing captions (AR)

("C:\Users\Michael\AppData\Local\Programs\MiKTeX 2.9\tex\latex\caption\caption3
.sty"
Package: caption3 2016/02/04 v1.7-139 caption3 kernel (AR)
Package caption3 Info: TeX engine: e-TeX on input line 67.
\captionmargin=\dimen135
\captionmargin@=\dimen136
\captionwidth=\dimen137
\caption@tempdima=\dimen138
\caption@indent=\dimen139
\caption@parindent=\dimen140
\caption@hangindent=\dimen141
)
\c@ContinuedFloat=\count111
Package caption Info: float package is loaded.
Package caption Info: hyperref package is loaded.
)
("C:\Users\Michael\AppData\Local\Programs\MiKTeX 2.9\tex\latex\amsmath\amsmath.
sty"
Package: amsmath 2013/01/14 v2.14 AMS math features
\@mathmargin=\skip47

For additional information on amsmath, use the `?' option.

("C:\Users\Michael\AppData\Local\Programs\MiKTeX 2.9\tex\latex\amsmath\amstext.
sty"
Package: amstext 2000/06/29 v2.01

("C:\Users\Michael\AppData\Local\Programs\MiKTeX 2.9\tex\latex\amsmath\amsgen.s
ty"
File: amsgen.sty 1999/11/30 v2.0
\@emptytoks=\toks21
\ex@=\dimen142
))
("C:\Users\Michael\AppData\Local\Programs\MiKTeX 2.9\tex\latex\amsmath\amsbsy.s
ty"
Package: amsbsy 1999/11/29 v1.2d
\pmbraise@=\dimen143
)
("C:\Users\Michael\AppData\Local\Programs\MiKTeX 2.9\tex\latex\amsmath\amsopn.s
ty"
Package: amsopn 1999/12/14 v2.01 operator names
)
\inf@bad=\count112
LaTeX Info: Redefining \frac on input line 210.
\uproot@=\count113
\leftroot@=\count114
LaTeX Info: Redefining \overline on input line 306.
\classnum@=\count115
\DOTSCASE@=\count116
LaTeX Info: Redefining \ldots on input line 378.
LaTeX Info: Redefining \dots on input line 381.
LaTeX Info: Redefining \cdots on input line 466.
\Mathstrutbox@=\box30
\strutbox@=\box31
\big@size=\dimen144
LaTeX Font Info:    Redeclaring font encoding OML on input line 566.
LaTeX Font Info:    Redeclaring font encoding OMS on input line 567.
\macc@depth=\count117
\c@MaxMatrixCols=\count118
\dotsspace@=\muskip11
\c@parentequation=\count119
\dspbrk@lvl=\count120
\tag@help=\toks22
\row@=\count121
\column@=\count122
\maxfields@=\count123
\andhelp@=\toks23
\eqnshift@=\dimen145
\alignsep@=\dimen146
\tagshift@=\dimen147
\tagwidth@=\dimen148
\totwidth@=\dimen149
\lineht@=\dimen150
\@envbody=\toks24
\multlinegap=\skip48
\multlinetaggap=\skip49
\mathdisplay@stack=\toks25
LaTeX Info: Redefining \[ on input line 2665.
LaTeX Info: Redefining \] on input line 2666.
)
("C:\Users\Michael\AppData\Local\Programs\MiKTeX 2.9\tex\latex\todonotes\todono
tes.sty"
Package: todonotes 2015/07/09 .dtx Todonotes source and documentation.
Package: todonotes 2012/07/25

("C:\Users\Michael\AppData\Local\Programs\MiKTeX 2.9\tex\latex\xkeyval\xkeyval.
sty"
Package: xkeyval 2014/12/03 v2.7a package option processing (HA)

("C:\Users\Michael\AppData\Local\Programs\MiKTeX 2.9\tex\generic\xkeyval\xkeyva
l.tex"
("C:\Users\Michael\AppData\Local\Programs\MiKTeX 2.9\tex\generic\xkeyval\xkvuti
ls.tex"
\XKV@toks=\toks26
\XKV@tempa@toks=\toks27
)
\XKV@depth=\count124
File: xkeyval.tex 2014/12/03 v2.7a key=value parser (HA)
))
("C:\Users\Michael\AppData\Local\Programs\MiKTeX 2.9\tex\latex\pgf\frontendlaye
r\tikz.sty"
("C:\Users\Michael\AppData\Local\Programs\MiKTeX 2.9\tex\latex\pgf\basiclayer\p
gf.sty"
("C:\Users\Michael\AppData\Local\Programs\MiKTeX 2.9\tex\latex\pgf\utilities\pg
frcs.sty"
("C:\Users\Michael\AppData\Local\Programs\MiKTeX 2.9\tex\generic\pgf\utilities\
pgfutil-common.tex"
\pgfutil@everybye=\toks28
\pgfutil@tempdima=\dimen151
\pgfutil@tempdimb=\dimen152

("C:\Users\Michael\AppData\Local\Programs\MiKTeX 2.9\tex\generic\pgf\utilities\
pgfutil-common-lists.tex"))
("C:\Users\Michael\AppData\Local\Programs\MiKTeX 2.9\tex\generic\pgf\utilities\
pgfutil-latex.def"
\pgfutil@abb=\box32

("C:\Users\Michael\AppData\Local\Programs\MiKTeX 2.9\tex\latex\ms\everyshi.sty"
Package: everyshi 2001/05/15 v3.00 EveryShipout Package (MS)
))
("C:\Users\Michael\AppData\Local\Programs\MiKTeX 2.9\tex\generic\pgf\utilities\
pgfrcs.code.tex"
Package: pgfrcs 2015/08/07 v3.0.1a (rcs-revision 1.31)
))
Package: pgf 2015/08/07 v3.0.1a (rcs-revision 1.15)

("C:\Users\Michael\AppData\Local\Programs\MiKTeX 2.9\tex\latex\pgf\basiclayer\p
gfcore.sty"
("C:\Users\Michael\AppData\Local\Programs\MiKTeX 2.9\tex\latex\pgf\systemlayer\
pgfsys.sty"
("C:\Users\Michael\AppData\Local\Programs\MiKTeX 2.9\tex\generic\pgf\systemlaye
r\pgfsys.code.tex"
Package: pgfsys 2014/07/09 v3.0.1a (rcs-revision 1.48)

("C:\Users\Michael\AppData\Local\Programs\MiKTeX 2.9\tex\generic\pgf\utilities\
pgfkeys.code.tex"
\pgfkeys@pathtoks=\toks29
\pgfkeys@temptoks=\toks30

("C:\Users\Michael\AppData\Local\Programs\MiKTeX 2.9\tex\generic\pgf\utilities\
pgfkeysfiltered.code.tex"
\pgfkeys@tmptoks=\toks31
))
\pgf@x=\dimen153
\pgf@y=\dimen154
\pgf@xa=\dimen155
\pgf@ya=\dimen156
\pgf@xb=\dimen157
\pgf@yb=\dimen158
\pgf@xc=\dimen159
\pgf@yc=\dimen160
\w@pgf@writea=\write3
\r@pgf@reada=\read1
\c@pgf@counta=\count125
\c@pgf@countb=\count126
\c@pgf@countc=\count127
\c@pgf@countd=\count128
\t@pgf@toka=\toks32
\t@pgf@tokb=\toks33
\t@pgf@tokc=\toks34

("C:\Users\Michael\AppData\Local\Programs\MiKTeX 2.9\tex\generic\pgf\systemlaye
r\pgf.cfg"
File: pgf.cfg 2008/05/14  (rcs-revision 1.7)
)
Driver file for pgf: pgfsys-pdftex.def

("C:\Users\Michael\AppData\Local\Programs\MiKTeX 2.9\tex\generic\pgf\systemlaye
r\pgfsys-pdftex.def"
File: pgfsys-pdftex.def 2014/10/11  (rcs-revision 1.35)

("C:\Users\Michael\AppData\Local\Programs\MiKTeX 2.9\tex\generic\pgf\systemlaye
r\pgfsys-common-pdf.def"
File: pgfsys-common-pdf.def 2013/10/10  (rcs-revision 1.13)
)))
("C:\Users\Michael\AppData\Local\Programs\MiKTeX 2.9\tex\generic\pgf\systemlaye
r\pgfsyssoftpath.code.tex"
File: pgfsyssoftpath.code.tex 2013/09/09  (rcs-revision 1.9)
\pgfsyssoftpath@smallbuffer@items=\count129
\pgfsyssoftpath@bigbuffer@items=\count130
)
("C:\Users\Michael\AppData\Local\Programs\MiKTeX 2.9\tex\generic\pgf\systemlaye
r\pgfsysprotocol.code.tex"
File: pgfsysprotocol.code.tex 2006/10/16  (rcs-revision 1.4)
))
("C:\Users\Michael\AppData\Local\Programs\MiKTeX 2.9\tex\generic\pgf\basiclayer
\pgfcore.code.tex"
Package: pgfcore 2010/04/11 v3.0.1a (rcs-revision 1.7)

("C:\Users\Michael\AppData\Local\Programs\MiKTeX 2.9\tex\generic\pgf\math\pgfma
th.code.tex"
("C:\Users\Michael\AppData\Local\Programs\MiKTeX 2.9\tex\generic\pgf\math\pgfma
thcalc.code.tex"
("C:\Users\Michael\AppData\Local\Programs\MiKTeX 2.9\tex\generic\pgf\math\pgfma
thutil.code.tex")
("C:\Users\Michael\AppData\Local\Programs\MiKTeX 2.9\tex\generic\pgf\math\pgfma
thparser.code.tex"
\pgfmath@dimen=\dimen161
\pgfmath@count=\count131
\pgfmath@box=\box33
\pgfmath@toks=\toks35
\pgfmath@stack@operand=\toks36
\pgfmath@stack@operation=\toks37
)
("C:\Users\Michael\AppData\Local\Programs\MiKTeX 2.9\tex\generic\pgf\math\pgfma
thfunctions.code.tex"
("C:\Users\Michael\AppData\Local\Programs\MiKTeX 2.9\tex\generic\pgf\math\pgfma
thfunctions.basic.code.tex")
("C:\Users\Michael\AppData\Local\Programs\MiKTeX 2.9\tex\generic\pgf\math\pgfma
thfunctions.trigonometric.code.tex")
("C:\Users\Michael\AppData\Local\Programs\MiKTeX 2.9\tex\generic\pgf\math\pgfma
thfunctions.random.code.tex")
("C:\Users\Michael\AppData\Local\Programs\MiKTeX 2.9\tex\generic\pgf\math\pgfma
thfunctions.comparison.code.tex")
("C:\Users\Michael\AppData\Local\Programs\MiKTeX 2.9\tex\generic\pgf\math\pgfma
thfunctions.base.code.tex")
("C:\Users\Michael\AppData\Local\Programs\MiKTeX 2.9\tex\generic\pgf\math\pgfma
thfunctions.round.code.tex")
("C:\Users\Michael\AppData\Local\Programs\MiKTeX 2.9\tex\generic\pgf\math\pgfma
thfunctions.misc.code.tex")
("C:\Users\Michael\AppData\Local\Programs\MiKTeX 2.9\tex\generic\pgf\math\pgfma
thfunctions.integerarithmetics.code.tex")))
("C:\Users\Michael\AppData\Local\Programs\MiKTeX 2.9\tex\generic\pgf\math\pgfma
thfloat.code.tex"
\c@pgfmathroundto@lastzeros=\count132
))
("C:\Users\Michael\AppData\Local\Programs\MiKTeX 2.9\tex\generic\pgf\basiclayer
\pgfcorepoints.code.tex"
File: pgfcorepoints.code.tex 2013/10/07  (rcs-revision 1.27)
\pgf@picminx=\dimen162
\pgf@picmaxx=\dimen163
\pgf@picminy=\dimen164
\pgf@picmaxy=\dimen165
\pgf@pathminx=\dimen166
\pgf@pathmaxx=\dimen167
\pgf@pathminy=\dimen168
\pgf@pathmaxy=\dimen169
\pgf@xx=\dimen170
\pgf@xy=\dimen171
\pgf@yx=\dimen172
\pgf@yy=\dimen173
\pgf@zx=\dimen174
\pgf@zy=\dimen175
)
("C:\Users\Michael\AppData\Local\Programs\MiKTeX 2.9\tex\generic\pgf\basiclayer
\pgfcorepathconstruct.code.tex"
File: pgfcorepathconstruct.code.tex 2013/10/07  (rcs-revision 1.29)
\pgf@path@lastx=\dimen176
\pgf@path@lasty=\dimen177
)
("C:\Users\Michael\AppData\Local\Programs\MiKTeX 2.9\tex\generic\pgf\basiclayer
\pgfcorepathusage.code.tex"
File: pgfcorepathusage.code.tex 2014/11/02  (rcs-revision 1.24)
\pgf@shorten@end@additional=\dimen178
\pgf@shorten@start@additional=\dimen179
)
("C:\Users\Michael\AppData\Local\Programs\MiKTeX 2.9\tex\generic\pgf\basiclayer
\pgfcorescopes.code.tex"
File: pgfcorescopes.code.tex 2015/05/08  (rcs-revision 1.46)
\pgfpic=\box34
\pgf@hbox=\box35
\pgf@layerbox@main=\box36
\pgf@picture@serial@count=\count133
)
("C:\Users\Michael\AppData\Local\Programs\MiKTeX 2.9\tex\generic\pgf\basiclayer
\pgfcoregraphicstate.code.tex"
File: pgfcoregraphicstate.code.tex 2014/11/02  (rcs-revision 1.12)
\pgflinewidth=\dimen180
)
("C:\Users\Michael\AppData\Local\Programs\MiKTeX 2.9\tex\generic\pgf\basiclayer
\pgfcoretransformations.code.tex"
File: pgfcoretransformations.code.tex 2015/08/07  (rcs-revision 1.20)
\pgf@pt@x=\dimen181
\pgf@pt@y=\dimen182
\pgf@pt@temp=\dimen183
)
("C:\Users\Michael\AppData\Local\Programs\MiKTeX 2.9\tex\generic\pgf\basiclayer
\pgfcorequick.code.tex"
File: pgfcorequick.code.tex 2008/10/09  (rcs-revision 1.3)
)
("C:\Users\Michael\AppData\Local\Programs\MiKTeX 2.9\tex\generic\pgf\basiclayer
\pgfcoreobjects.code.tex"
File: pgfcoreobjects.code.tex 2006/10/11  (rcs-revision 1.2)
)
("C:\Users\Michael\AppData\Local\Programs\MiKTeX 2.9\tex\generic\pgf\basiclayer
\pgfcorepathprocessing.code.tex"
File: pgfcorepathprocessing.code.tex 2013/09/09  (rcs-revision 1.9)
)
("C:\Users\Michael\AppData\Local\Programs\MiKTeX 2.9\tex\generic\pgf\basiclayer
\pgfcorearrows.code.tex"
File: pgfcorearrows.code.tex 2015/05/14  (rcs-revision 1.43)
\pgfarrowsep=\dimen184
)
("C:\Users\Michael\AppData\Local\Programs\MiKTeX 2.9\tex\generic\pgf\basiclayer
\pgfcoreshade.code.tex"
File: pgfcoreshade.code.tex 2013/07/15  (rcs-revision 1.15)
\pgf@max=\dimen185
\pgf@sys@shading@range@num=\count134
)
("C:\Users\Michael\AppData\Local\Programs\MiKTeX 2.9\tex\generic\pgf\basiclayer
\pgfcoreimage.code.tex"
File: pgfcoreimage.code.tex 2013/07/15  (rcs-revision 1.18)

("C:\Users\Michael\AppData\Local\Programs\MiKTeX 2.9\tex\generic\pgf\basiclayer
\pgfcoreexternal.code.tex"
File: pgfcoreexternal.code.tex 2014/07/09  (rcs-revision 1.21)
\pgfexternal@startupbox=\box37
))
("C:\Users\Michael\AppData\Local\Programs\MiKTeX 2.9\tex\generic\pgf\basiclayer
\pgfcorelayers.code.tex"
File: pgfcorelayers.code.tex 2013/07/18  (rcs-revision 1.7)
)
("C:\Users\Michael\AppData\Local\Programs\MiKTeX 2.9\tex\generic\pgf\basiclayer
\pgfcoretransparency.code.tex"
File: pgfcoretransparency.code.tex 2013/09/30  (rcs-revision 1.5)
)
("C:\Users\Michael\AppData\Local\Programs\MiKTeX 2.9\tex\generic\pgf\basiclayer
\pgfcorepatterns.code.tex"
File: pgfcorepatterns.code.tex 2013/11/07  (rcs-revision 1.5)
)))
("C:\Users\Michael\AppData\Local\Programs\MiKTeX 2.9\tex\generic\pgf\modules\pg
fmoduleshapes.code.tex"
File: pgfmoduleshapes.code.tex 2014/03/21  (rcs-revision 1.35)
\pgfnodeparttextbox=\box38
)
("C:\Users\Michael\AppData\Local\Programs\MiKTeX 2.9\tex\generic\pgf\modules\pg
fmoduleplot.code.tex"
File: pgfmoduleplot.code.tex 2015/08/03  (rcs-revision 1.13)
)
("C:\Users\Michael\AppData\Local\Programs\MiKTeX 2.9\tex\latex\pgf\compatibilit
y\pgfcomp-version-0-65.sty"
Package: pgfcomp-version-0-65 2007/07/03 v3.0.1a (rcs-revision 1.7)
\pgf@nodesepstart=\dimen186
\pgf@nodesepend=\dimen187
)
("C:\Users\Michael\AppData\Local\Programs\MiKTeX 2.9\tex\latex\pgf\compatibilit
y\pgfcomp-version-1-18.sty"
Package: pgfcomp-version-1-18 2007/07/23 v3.0.1a (rcs-revision 1.1)
))
("C:\Users\Michael\AppData\Local\Programs\MiKTeX 2.9\tex\latex\pgf\utilities\pg
ffor.sty"
("C:\Users\Michael\AppData\Local\Programs\MiKTeX 2.9\tex\latex\pgf\utilities\pg
fkeys.sty"
("C:\Users\Michael\AppData\Local\Programs\MiKTeX 2.9\tex\generic\pgf\utilities\
pgfkeys.code.tex"))
("C:\Users\Michael\AppData\Local\Programs\MiKTeX 2.9\tex\latex\pgf\math\pgfmath
.sty"
("C:\Users\Michael\AppData\Local\Programs\MiKTeX 2.9\tex\generic\pgf\math\pgfma
th.code.tex"))
("C:\Users\Michael\AppData\Local\Programs\MiKTeX 2.9\tex\generic\pgf\utilities\
pgffor.code.tex"
Package: pgffor 2013/12/13 v3.0.1a (rcs-revision 1.25)

("C:\Users\Michael\AppData\Local\Programs\MiKTeX 2.9\tex\generic\pgf\math\pgfma
th.code.tex")
\pgffor@iter=\dimen188
\pgffor@skip=\dimen189
\pgffor@stack=\toks38
\pgffor@toks=\toks39
))
("C:\Users\Michael\AppData\Local\Programs\MiKTeX 2.9\tex\generic\pgf\frontendla
yer\tikz\tikz.code.tex"
Package: tikz 2015/08/07 v3.0.1a (rcs-revision 1.151)

("C:\Users\Michael\AppData\Local\Programs\MiKTeX 2.9\tex\generic\pgf\libraries\
pgflibraryplothandlers.code.tex"
File: pgflibraryplothandlers.code.tex 2013/08/31 v3.0.1a (rcs-revision 1.20)
\pgf@plot@mark@count=\count135
\pgfplotmarksize=\dimen190
)
\tikz@lastx=\dimen191
\tikz@lasty=\dimen192
\tikz@lastxsaved=\dimen193
\tikz@lastysaved=\dimen194
\tikzleveldistance=\dimen195
\tikzsiblingdistance=\dimen196
\tikz@figbox=\box39
\tikz@figbox@bg=\box40
\tikz@tempbox=\box41
\tikz@tempbox@bg=\box42
\tikztreelevel=\count136
\tikznumberofchildren=\count137
\tikznumberofcurrentchild=\count138
\tikz@fig@count=\count139

("C:\Users\Michael\AppData\Local\Programs\MiKTeX 2.9\tex\generic\pgf\modules\pg
fmodulematrix.code.tex"
File: pgfmodulematrix.code.tex 2013/09/17  (rcs-revision 1.8)
\pgfmatrixcurrentrow=\count140
\pgfmatrixcurrentcolumn=\count141
\pgf@matrix@numberofcolumns=\count142
)
\tikz@expandcount=\count143

("C:\Users\Michael\AppData\Local\Programs\MiKTeX 2.9\tex\generic\pgf\frontendla
yer\tikz\libraries\tikzlibrarytopaths.code.tex"
File: tikzlibrarytopaths.code.tex 2008/06/17 v3.0.1a (rcs-revision 1.2)
)))
("C:\Users\Michael\AppData\Local\Programs\MiKTeX 2.9\tex\generic\pgf\frontendla
yer\tikz\libraries\tikzlibrarypositioning.code.tex"
File: tikzlibrarypositioning.code.tex 2008/10/06 v3.0.1a (rcs-revision 1.7)
)
\c@@todonotes@numberoftodonotes=\count144
)
("C:\Users\Michael\AppData\Local\Programs\MiKTeX 2.9\tex\latex\listings\listing
s.sty"
\lst@mode=\count145
\lst@gtempboxa=\box43
\lst@token=\toks40
\lst@length=\count146
\lst@currlwidth=\dimen197
\lst@column=\count147
\lst@pos=\count148
\lst@lostspace=\dimen198
\lst@width=\dimen199
\lst@newlines=\count149
\lst@lineno=\count150
\lst@maxwidth=\dimen256

("C:\Users\Michael\AppData\Local\Programs\MiKTeX 2.9\tex\latex\listings\lstmisc
.sty"
File: lstmisc.sty 2015/06/04 1.6 (Carsten Heinz)
\c@lstnumber=\count151
\lst@skipnumbers=\count152
\lst@framebox=\box44
)
("C:\Users\Michael\AppData\Local\Programs\MiKTeX 2.9\tex\latex\listings\listing
s.cfg"
File: listings.cfg 2015/06/04 1.6 listings configuration
))
Package: listings 2015/06/04 1.6 (Carsten Heinz)

("C:\Users\Michael\AppData\Local\Programs\MiKTeX 2.9\tex\latex\tcolorbox\tcolor
box.sty"
Package: tcolorbox 2016/04/27 version 3.91 text color boxes

("C:\Users\Michael\AppData\Local\Programs\MiKTeX 2.9\tex\latex\tools\verbatim.s
ty"
Package: verbatim 2014/10/28 v1.5q LaTeX2e package for verbatim enhancements
\every@verbatim=\toks41
\verbatim@line=\toks42
\verbatim@in@stream=\read2
)
("C:\Users\Michael\AppData\Local\Programs\MiKTeX 2.9\tex\latex\environ\environ.
sty"
Package: environ 2014/05/04 v0.3 A new way to define environments

("C:\Users\Michael\AppData\Local\Programs\MiKTeX 2.9\tex\latex\trimspaces\trims
paces.sty"
Package: trimspaces 2009/09/17 v1.1 Trim spaces around a token list
))
("C:\Users\Michael\AppData\Local\Programs\MiKTeX 2.9\tex\latex\etoolbox\etoolbo
x.sty"
Package: etoolbox 2015/08/02 v2.2a e-TeX tools for LaTeX (JAW)
\etb@tempcnta=\count153
)
\tcb@titlebox=\box45
\tcb@upperbox=\box46
\tcb@lowerbox=\box47
\tcb@phantombox=\box48
\c@tcbbreakpart=\count154
\c@tcblayer=\count155
\tcolorbox@number=\count156
\tcb@temp=\box49
\tcb@temp=\box50
\tcb@temp=\box51
\tcb@temp=\box52
\tcb@out=\write4
\tcb@record@out=\write5
)
("C:\Users\Michael\AppData\Local\Programs\MiKTeX 2.9\tex\latex\caption\subcapti
on.sty"
Package: subcaption 2016/02/20 v1.1-142 Sub-captions (AR)
\c@subfigure=\count157
\c@subtable=\count158
)
("C:\Users\Michael\AppData\Local\Programs\MiKTeX 2.9\tex\latex\tools\tabularx.s
ty"
Package: tabularx 2014/10/28 v2.10 `tabularx' package (DPC)

("C:\Users\Michael\AppData\Local\Programs\MiKTeX 2.9\tex\latex\tools\array.sty"
Package: array 2014/10/28 v2.4c Tabular extension package (FMi)
\col@sep=\dimen257
\extrarowheight=\dimen258
\NC@list=\toks43
\extratabsurround=\skip50
\backup@length=\skip51
)
\TX@col@width=\dimen259
\TX@old@table=\dimen260
\TX@old@col=\dimen261
\TX@target=\dimen262
\TX@delta=\dimen263
\TX@cols=\count159
\TX@ftn=\toks44
)
("C:\Users\Michael\AppData\Local\Programs\MiKTeX 2.9\tex\latex\apacite\apacite.
sty"
Package: apacite 2013/07/21 v6.03 APA citation
\c@BibCnt=\count160
\bibleftmargin=\skip52
\bibindent=\skip53
\bibparsep=\skip54
\bibitemsep=\skip55
\biblabelsep=\skip56
)
("C:\Users\Michael\AppData\Local\Programs\MiKTeX 2.9\tex\latex\enumitem\enumite
m.sty"
Package: enumitem 2011/09/28 v3.5.2 Customized lists
\labelindent=\skip57
\enit@outerparindent=\dimen264
\enit@toks=\toks45
\enit@inbox=\box53
\enitdp@description=\count161
)
("C:\Users\Michael\AppData\Local\Programs\MiKTeX 2.9\tex\latex\lipsum\lipsum.st
y"
Package: lipsum 2014/07/27 v1.3 150 paragraphs of Lorem Ipsum dummy text
\c@lips@count=\count162
)
("C:\Users\Michael\AppData\Local\Programs\MiKTeX 2.9\tex\latex\titlesec\titlese
c.sty"
Package: titlesec 2016/03/21 v2.10.2 Sectioning titles
\ttl@box=\box54
\beforetitleunit=\skip58
\aftertitleunit=\skip59
\ttl@plus=\dimen265
\ttl@minus=\dimen266
\ttl@toksa=\toks46
\titlewidth=\dimen267
\titlewidthlast=\dimen268
\titlewidthfirst=\dimen269
)
("C:\Users\Michael\AppData\Local\Programs\MiKTeX 2.9\tex\latex\natbib\natbib.st
y"
Package: natbib 2010/09/13 8.31b (PWD, AO)
\bibhang=\skip60
\bibsep=\skip61
LaTeX Info: Redefining \cite on input line 694.
LaTeX Info: Redefining \citeauthor on input line 712.
LaTeX Info: Redefining \citeyear on input line 735.
\c@NAT@ctr=\count163
)
("C:\Users\Michael\AppData\Local\Programs\MiKTeX 2.9\tex\latex\carlisle\ltxtabl
e.sty"
Package: ltxtable 1995/12/11 v0.2 longtable/tabularx merge (DPC)

("C:\Users\Michael\AppData\Local\Programs\MiKTeX 2.9\tex\latex\tools\longtable.
sty"
Package: longtable 2014/10/28 v4.11 Multi-page Table package (DPC)
\LTleft=\skip62
\LTright=\skip63
\LTpre=\skip64
\LTpost=\skip65
\LTchunksize=\count164
\LTcapwidth=\dimen270
\LT@head=\box55
\LT@firsthead=\box56
\LT@foot=\box57
\LT@lastfoot=\box58
\LT@cols=\count165
\LT@rows=\count166
\c@LT@tables=\count167
\c@LT@chunks=\count168
\LT@p@ftn=\toks47
))
("C:\Users\Michael\AppData\Local\Programs\MiKTeX 2.9\tex\latex\tocbibind\tocbib
ind.sty"
Package: tocbibind 2010/10/13 v1.5k extra ToC listings
Package tocbibind Info: The document has section divisions on input line 50.


Package tocbibind Note: Using section or other style headings.

)
("C:\Users\Michael\AppData\Local\Programs\MiKTeX 2.9\tex\latex\amscls\amsthm.st
y"
Package: amsthm 2015/03/04 v2.20.2
\thm@style=\toks48
\thm@bodyfont=\toks49
\thm@headfont=\toks50
\thm@notefont=\toks51
\thm@headpunct=\toks52
\thm@preskip=\skip66
\thm@postskip=\skip67
\thm@headsep=\skip68
\dth@everypar=\toks53
)
("C:\Users\Michael\AppData\Local\Programs\MiKTeX 2.9\tex\generic\pgf\frontendla
yer\tikz\libraries\tikzlibrarymatrix.code.tex"
File: tikzlibrarymatrix.code.tex 2013/07/12 v3.0.1a (rcs-revision 1.4)
)
("C:\Users\Michael\AppData\Local\Programs\MiKTeX 2.9\tex\latex\tikzmark\tikzlib
rarytikzmark.code.tex")
\c@theorem=\count169
\c@DV=\count170
\c@SDV=\count171
Package hyperref Info: Option `colorlinks' set `true' on input line 63.


LaTeX Warning: Unused global option(s):
    [pdf].

(main.aux)
\openout1 = `main.aux'.

LaTeX Font Info:    Checking defaults for OML/cmm/m/it on input line 67.
LaTeX Font Info:    ... okay on input line 67.
LaTeX Font Info:    Checking defaults for T1/cmr/m/n on input line 67.
LaTeX Font Info:    ... okay on input line 67.
LaTeX Font Info:    Checking defaults for OT1/cmr/m/n on input line 67.
LaTeX Font Info:    ... okay on input line 67.
LaTeX Font Info:    Checking defaults for OMS/cmsy/m/n on input line 67.
LaTeX Font Info:    ... okay on input line 67.
LaTeX Font Info:    Checking defaults for OMX/cmex/m/n on input line 67.
LaTeX Font Info:    ... okay on input line 67.
LaTeX Font Info:    Checking defaults for U/cmr/m/n on input line 67.
LaTeX Font Info:    ... okay on input line 67.
LaTeX Font Info:    Checking defaults for PD1/pdf/m/n on input line 67.
LaTeX Font Info:    ... okay on input line 67.
\AtBeginShipoutBox=\box59
Package hyperref Info: Link coloring ON on input line 67.

("C:\Users\Michael\AppData\Local\Programs\MiKTeX 2.9\tex\latex\hyperref\nameref
.sty"
Package: nameref 2012/10/27 v2.43 Cross-referencing by name of section

("C:\Users\Michael\AppData\Local\Programs\MiKTeX 2.9\tex\generic\oberdiek\getti
tlestring.sty"
Package: gettitlestring 2010/12/03 v1.4 Cleanup title references (HO)
)
\c@section@level=\count172
)
LaTeX Info: Redefining \ref on input line 67.
LaTeX Info: Redefining \pageref on input line 67.
LaTeX Info: Redefining \nameref on input line 67.
 (main.out) (main.out)
\@outlinefile=\write6
\openout6 = `main.out'.


("C:\Users\Michael\AppData\Local\Programs\MiKTeX 2.9\tex\context\base\supp-pdf.
mkii"
[Loading MPS to PDF converter (version 2006.09.02).]
\scratchcounter=\count173
\scratchdimen=\dimen271
\scratchbox=\box60
\nofMPsegments=\count174
\nofMParguments=\count175
\everyMPshowfont=\toks54
\MPscratchCnt=\count176
\MPscratchDim=\dimen272
\MPnumerator=\count177
\makeMPintoPDFobject=\count178
\everyMPtoPDFconversion=\toks55
)
("C:\Users\Michael\AppData\Local\Programs\MiKTeX 2.9\tex\latex\oberdiek\pdflsca
pe.sty"
Package: pdflscape 2008/08/11 v0.10 Display of landscape pages in PDF (HO)

("C:\Users\Michael\AppData\Local\Programs\MiKTeX 2.9\tex\latex\graphics\lscape.
sty"
Package: lscape 2000/10/22 v3.01 Landscape Pages (DPC)
)
Package pdflscape Info: Auto-detected driver: pdftex on input line 80.
)
*geometry* driver: auto-detecting
*geometry* detected driver: pdftex
*geometry* verbose mode - [ preamble ] result:
* driver: pdftex
* paper: a4paper
* layout: <same size as paper>
* layoutoffset:(h,v)=(0.0pt,0.0pt)
* modes: 
* h-part:(L,W,R)=(101.17755pt, 395.15277pt, 101.17755pt)
* v-part:(T,H,B)=(101.17755pt, 642.69174pt, 101.17755pt)
* \paperwidth=597.50787pt
* \paperheight=845.04684pt
* \textwidth=395.15277pt
* \textheight=642.69174pt
* \oddsidemargin=28.90756pt
* \evensidemargin=28.90756pt
* \topmargin=-8.09244pt
* \headheight=12.0pt
* \headsep=25.0pt
* \topskip=10.0pt
* \footskip=30.0pt
* \marginparwidth=57.0pt
* \marginparsep=11.0pt
* \columnsep=10.0pt
* \skip\footins=9.0pt plus 4.0pt minus 2.0pt
* \hoffset=0.0pt
* \voffset=0.0pt
* \mag=1000
* \@twocolumnfalse
* \@twosidefalse
* \@mparswitchfalse
* \@reversemarginfalse
* (1in=72.27pt=25.4mm, 1cm=28.453pt)

Package caption Info: Begin \AtBeginDocument code.
Package caption Info: listings package is loaded.
Package caption Info: longtable package is loaded.

("C:\Users\Michael\AppData\Local\Programs\MiKTeX 2.9\tex\latex\caption\ltcaptio
n.sty"
Package: ltcaption 2013/06/09 v1.4-94 longtable captions (AR)
)
Package caption Info: End \AtBeginDocument code.
 ABD: EveryShipout initializing macros
\c@lstlisting=\count179
\c@maskedRefs=\count180

("C:\Users\Michael\AppData\Local\Programs\MiKTeX 2.9\tex\latex\apacite\dutch.ap
c"
File: dutch.apc 2013/07/21 v6.03 apacite language file
LaTeX Info: Redefining \BPBI on input line 141.
LaTeX Info: Redefining \BHBI on input line 142.
) (titlepage.tex) [1

{C:/Users/Michael/AppData/Local/MiKTeX/2.9/pdftex/config/pdftex.map}] (main.toc
 [2])
\tf@toc=\write7
\openout7 = `main.toc'.

 [3] [4]

Package hyperref Warning: Option `colorlinks' has already been used,
(hyperref)                setting the option has no effect on input line 105.

(introductie.tex
<verdeling_stemmen_2012.png, id=280, 1167.36125pt x 485.815pt>
File: verdeling_stemmen_2012.png Graphic file (type png)

<use verdeling_stemmen_2012.png>
Package pdftex.def Info: verdeling_stemmen_2012.png used on input line 11.
(pdftex.def)             Requested size: 395.15277pt x 164.44844pt.

Underfull \hbox (badness 10000) in paragraph at lines 18--19

 []

[5 <./verdeling_stemmen_2012.png>]
<aantal_zetels_bevolkingsgroepen.png, id=304, 557.08125pt x 371.3875pt>
File: aantal_zetels_bevolkingsgroepen.png Graphic file (type png)

<use aantal_zetels_bevolkingsgroepen.png>
Package pdftex.def Info: aantal_zetels_bevolkingsgroepen.png used on input line
 43.
(pdftex.def)             Requested size: 217.33522pt x 144.88586pt.
 [6]
Underfull \hbox (badness 10000) in paragraph at lines 54--55

 []

[7 <./aantal_zetels_bevolkingsgroepen.png>]
Underfull \hbox (badness 10000) in paragraph at lines 58--59

 []


Underfull \hbox (badness 10000) in paragraph at lines 62--63

 []


Underfull \hbox (badness 10000) in paragraph at lines 65--66

 []


Underfull \hbox (badness 10000) in paragraph at lines 68--69

 []


Underfull \hbox (badness 10000) in paragraph at lines 70--71

 []


Underfull \hbox (badness 10000) in paragraph at lines 73--74

 []


Underfull \hbox (badness 10000) in paragraph at lines 75--76

 []


Underfull \hbox (badness 10000) in paragraph at lines 78--79

 []


Underfull \hbox (badness 10000) in paragraph at lines 80--81

 []


Underfull \hbox (badness 10000) in paragraph at lines 83--84

 []

[8]
Underfull \hbox (badness 10000) in paragraph at lines 85--86

 []


Underfull \hbox (badness 10000) in paragraph at lines 89--90

 []


Underfull \hbox (badness 10000) in paragraph at lines 91--92

 []


Underfull \hbox (badness 10000) in paragraph at lines 94--95

 []


Underfull \hbox (badness 10000) in paragraph at lines 96--97

 []

[9]) (gerelateerd_werk.tex [10] [11]) (data.tex [12]
Underfull \hbox (badness 10000) in paragraph at lines 9--10

 []


Package array Warning: Column L is already defined on input line 12.


Package array Warning: Column I is already defined on input line 13.


Underfull \hbox (badness 2426) in paragraph at lines 23--23
[]|\OT1/cmr/bx/n/10 Offici[]ele ver-kie-zingseind-
 []


Package array Warning: Column L is already defined on input line 25.


Package array Warning: Column I is already defined on input line 26.

<peiling_zetels_landelijk.png, id=487, 936.49875pt x 578.16pt>
File: peiling_zetels_landelijk.png Graphic file (type png)

<use peiling_zetels_landelijk.png>
Package pdftex.def Info: peiling_zetels_landelijk.png used on input line 34.
(pdftex.def)             Requested size: 395.15277pt x 243.95476pt.
 [13]
Underfull \hbox (badness 10000) in paragraph at lines 52--53

 []


Package array Warning: Column L is already defined on input line 57.


Package array Warning: Column I is already defined on input line 58.


LaTeX Warning: Reference `sssec:vrouwen' on page 14 undefined on input line 64.



Package array Warning: Column L is already defined on input line 66.


Package array Warning: Column I is already defined on input line 67.

<mv_kandidaten.png, id=523, 451.6875pt x 376.40625pt>
File: mv_kandidaten.png Graphic file (type png)
 <use mv_kandidaten.png>
Package pdftex.def Info: mv_kandidaten.png used on input line 74.
(pdftex.def)             Requested size: 165.96344pt x 138.30322pt.

[14 <./peiling_zetels_landelijk.png>]
Underfull \hbox (badness 10000) in paragraph at lines 84--85

 []


Package array Warning: Column L is already defined on input line 88.


Package array Warning: Column I is already defined on input line 89.


LaTeX Warning: Reference `sssec:allochtonen' on page 15 undefined on input line
 97.


LaTeX Warning: Reference `sssec:allochtonen' on page 15 undefined on input line
 97.


Underfull \hbox (badness 1072) in paragraph at lines 97--97
[]|\OT1/cmr/m/n/10 Stemgedrag van wes-terse en niet-westerse al-loch-to-nen
 []


Package array Warning: Column L is already defined on input line 99.


Package array Warning: Column I is already defined on input line 100.

<aa_kandidaten.png, id=589, 451.6875pt x 426.59375pt>
File: aa_kandidaten.png Graphic file (type png)
 <use aa_kandidaten.png>
Package pdftex.def Info: aa_kandidaten.png used on input line 128.
(pdftex.def)             Requested size: 165.96344pt x 156.74365pt.

[15 <./mv_kandidaten.png>]
Underfull \hbox (badness 10000) in paragraph at lines 137--138

 []


Package array Warning: Column L is already defined on input line 139.


Package array Warning: Column I is already defined on input line 140.

[16 <./aa_kandidaten.png>]
<ja_kandidaten.png, id=635, 451.6875pt x 426.59375pt>
File: ja_kandidaten.png Graphic file (type png)
 <use ja_kandidaten.png>
Package pdftex.def Info: ja_kandidaten.png used on input line 155.
(pdftex.def)             Requested size: 165.96344pt x 156.74365pt.

[17 <./ja_kandidaten.png>]
Underfull \hbox (badness 10000) in paragraph at lines 165--166

 []


Package array Warning: Column L is already defined on input line 167.


Package array Warning: Column I is already defined on input line 168.


Underfull \hbox (badness 1484) in paragraph at lines 178--178
[]|\OT1/cmr/m/n/10 Het aan-tal stem-ge-rech-tigde pro-vin-ci-a-len is tot stand

 []


Package array Warning: Column L is already defined on input line 181.


Package array Warning: Column I is already defined on input line 182.

<rp_kandidaten.png, id=688, 451.6875pt x 432.61626pt>
File: rp_kandidaten.png Graphic file (type png)
 <use rp_kandidaten.png>
Package pdftex.def Info: rp_kandidaten.png used on input line 194.
(pdftex.def)             Requested size: 165.96344pt x 158.95651pt.

[18]) (theoretisch_maximum.tex [19 <./rp_kandidaten.png>]
<overzicht_resultaten_strategien_plot.png, id=717, 1011.78pt x 500.87125pt>
File: overzicht_resultaten_strategien_plot.png Graphic file (type png)

<use overzicht_resultaten_strategien_plot.png>
Package pdftex.def Info: overzicht_resultaten_strategien_plot.png used on input
 line 44.
(pdftex.def)             Requested size: 375.39392pt x 185.83916pt.
 [20 <./overzicht_resultaten_strategien_plot.png>] (figuur1.tex) [21]

Package natbib Warning: Citation `IPSOS_man_vrouw' on page 22 undefined on inpu
t line 75.

(tabel2.tex)

Package natbib Warning: Citation `IPSOS_man_vrouw' on page 22 undefined on inpu
t line 84.


Package natbib Warning: Citation `IPSOS_man_vrouw' on page 22 undefined on inpu
t line 84.

LaTeX Font Info:    Try loading font information for OMS+cmr on input line 98.
("C:\Users\Michael\AppData\Local\Programs\MiKTeX 2.9\tex\latex\base\omscmr.fd"
File: omscmr.fd 2014/09/29 v2.5h Standard LaTeX font definitions
)
LaTeX Font Info:    Font shape `OMS/cmr/m/n' in size <10> not available
(Font)              Font shape `OMS/cmsy/m/n' tried instead on input line 98.
[22]
Underfull \hbox (badness 10000) in paragraph at lines 121--122

 []


Package array Warning: Column L is already defined on input line 124.


Package array Warning: Column I is already defined on input line 125.

[23]
Underfull \hbox (badness 10000) in paragraph at lines 156--157

 []

<Aantal_vrouwen_aantal_zetels.png, id=765, 986.68625pt x 596.2275pt>
File: Aantal_vrouwen_aantal_zetels.png Graphic file (type png)

<use Aantal_vrouwen_aantal_zetels.png>
Package pdftex.def Info: Aantal_vrouwen_aantal_zetels.png used on input line 16
6.
(pdftex.def)             Requested size: 395.15277pt x 238.7779pt.
 (topN_peiling_per_partij.tex) [24 <./Aantal_vrouwen_aantal_zetels.png>]
<stemmen_op_vrouwen_topN_peiling.png, id=789, 1112.155pt x 479.7925pt>
File: stemmen_op_vrouwen_topN_peiling.png Graphic file (type png)

<use stemmen_op_vrouwen_topN_peiling.png>
Package pdftex.def Info: stemmen_op_vrouwen_topN_peiling.png used on input line
 196.
(pdftex.def)             Requested size: 395.15277pt x 170.47028pt.
 [25]
<stemmen_op_vrouwen_topN_uitslag.png, id=805, 1112.155pt x 479.7925pt>
File: stemmen_op_vrouwen_topN_uitslag.png Graphic file (type png)

<use stemmen_op_vrouwen_topN_uitslag.png>
Package pdftex.def Info: stemmen_op_vrouwen_topN_uitslag.png used on input line
 215.
(pdftex.def)             Requested size: 395.15277pt x 170.47028pt.
 [26 <./stemmen_op_vrouwen_topN_peiling.png>]

LaTeX Warning: Hyper reference `opstellen' on page 27 undefined on input line 2
25.

<pie_chart_topN.png, id=819, 703.62875pt x 685.56125pt>
File: pie_chart_topN.png Graphic file (type png)

<use pie_chart_topN.png>
Package pdftex.def Info: pie_chart_topN.png used on input line 229.
(pdftex.def)             Requested size: 138.30588pt x 134.74567pt.
 [27 <./stemmen_op_vrouwen_topN_uitslag.png> <./pie_chart_topN.png>]
Underfull \hbox (badness 10000) in paragraph at lines 245--246

 []

<stemmen_op_vrouwen_willekeurig_samen.png, id=828, 1094.0875pt x 479.7925pt>
File: stemmen_op_vrouwen_willekeurig_samen.png Graphic file (type png)

<use stemmen_op_vrouwen_willekeurig_samen.png>
Package pdftex.def Info: stemmen_op_vrouwen_willekeurig_samen.png used on input
 line 255.
(pdftex.def)             Requested size: 395.15277pt x 173.28888pt.
 [28]
<pie_chart_willekeurig.png, id=836, 703.62875pt x 685.56125pt>
File: pie_chart_willekeurig.png Graphic file (type png)

<use pie_chart_willekeurig.png>
Package pdftex.def Info: pie_chart_willekeurig.png used on input line 273.
(pdftex.def)             Requested size: 138.30588pt x 134.74567pt.
 [29 <./stemmen_op_vrouwen_willekeurig_samen.png> <./pie_chart_willekeurig.png>
]
Underfull \hbox (badness 10000) in paragraph at lines 294--295

 []

<top15_of_topN_kandidaten.png, id=845, 986.68625pt x 578.16pt>
File: top15_of_topN_kandidaten.png Graphic file (type png)

<use top15_of_topN_kandidaten.png>
Package pdftex.def Info: top15_of_topN_kandidaten.png used on input line 303.
(pdftex.def)             Requested size: 395.15277pt x 231.5422pt.
 [30]
<stemmen_op_vrouwen_top15_of_topN_samen.png, id=853, 1094.0875pt x 479.7925pt>
File: stemmen_op_vrouwen_top15_of_topN_samen.png Graphic file (type png)

<use stemmen_op_vrouwen_top15_of_topN_samen.png>
Package pdftex.def Info: stemmen_op_vrouwen_top15_of_topN_samen.png used on inp
ut line 319.
(pdftex.def)             Requested size: 395.15277pt x 173.28888pt.
 [31 <./top15_of_topN_kandidaten.png>] <pie_chart_top15_of_topN.png, id=863, 70
3.62875pt x 685.56125pt>
File: pie_chart_top15_of_topN.png Graphic file (type png)

<use pie_chart_top15_of_topN.png>
Package pdftex.def Info: pie_chart_top15_of_topN.png used on input line 334.
(pdftex.def)             Requested size: 138.30588pt x 134.74567pt.
 [32 <./stemmen_op_vrouwen_top15_of_topN_samen.png> <./pie_chart_top15_of_topN.
png>]
<eigenX_partijen.png, id=872, 986.68625pt x 578.16pt>
File: eigenX_partijen.png Graphic file (type png)

<use eigenX_partijen.png>
Package pdftex.def Info: eigenX_partijen.png used on input line 371.
(pdftex.def)             Requested size: 395.15277pt x 231.5422pt.
 [33]
<stemmen_op_vrouwen_eigenX_samen.png, id=880, 1094.0875pt x 479.7925pt>
File: stemmen_op_vrouwen_eigenX_samen.png Graphic file (type png)

<use stemmen_op_vrouwen_eigenX_samen.png>
Package pdftex.def Info: stemmen_op_vrouwen_eigenX_samen.png used on input line
 386.
(pdftex.def)             Requested size: 395.15277pt x 173.28888pt.
 [34 <./eigenX_partijen.png> <./stemmen_op_vrouwen_eigenX_samen.png>]
<pie_chart_eigenX.png, id=890, 703.62875pt x 685.56125pt>
File: pie_chart_eigenX.png Graphic file (type png)

<use pie_chart_eigenX.png>
Package pdftex.def Info: pie_chart_eigenX.png used on input line 401.
(pdftex.def)             Requested size: 138.30588pt x 134.74567pt.
 [35 <./pie_chart_eigenX.png>]
Underfull \hbox (badness 10000) in paragraph at lines 418--420

 []

[36] <topn_vermenigvuldiging2.png, id=906, 1226.5825pt x 730.73pt>
File: topn_vermenigvuldiging2.png Graphic file (type png)

<use topn_vermenigvuldiging2.png>
Package pdftex.def Info: topn_vermenigvuldiging2.png used on input line 440.
(pdftex.def)             Requested size: 395.15277pt x 235.41052pt.
 [37 <./topn_vermenigvuldiging2.png>]
<stemmen_op_vrouwen_topNextrapercentage_samen.png, id=919, 1401.235pt x 879.285
pt>
File: stemmen_op_vrouwen_topNextrapercentage_samen.png Graphic file (type png)
 <use stemmen_op_vrouwen_topNextrapercentage_samen.png>
Package pdftex.def Info: stemmen_op_vrouwen_topNextrapercentage_samen.png used 
on input line 457.
(pdftex.def)             Requested size: 395.15277pt x 247.95572pt.
 [38 <./stemmen_op_vrouwen_topNextrapercentage_samen.png>]
<topNextrapercentage_aantal_vrouwen_overzicht.png, id=927, 993.7125pt x 522.953
75pt>
File: topNextrapercentage_aantal_vrouwen_overzicht.png Graphic file (type png)
 <use topNextrapercentage_aantal_vrouwen_overzicht.png>
Package pdftex.def Info: topNextrapercentage_aantal_vrouwen_overzicht.png used 
on input line 475.
(pdftex.def)             Requested size: 395.15277pt x 207.95691pt.
 [39 <./topNextrapercentage_aantal_vrouwen_overzicht.png>]) (factoren_invloed.t
ex [40]
Underfull \hbox (badness 10000) in paragraph at lines 11--12

 []


Package array Warning: Column L is already defined on input line 13.


Package array Warning: Column I is already defined on input line 14.


Package array Warning: Column L is already defined on input line 24.


Package array Warning: Column I is already defined on input line 25.


Underfull \hbox (badness 1546) in paragraph at lines 30--30
\OT1/cmr/m/n/10 (bij-voor-beeld de be-vol-kings-groep man-nen te-gen-over
 []

[41]

LaTeX Warning: Reference `sec:math' on page 42 undefined on input line 56.

[42] (hoogst_vrouwen_voorkeurstemmen_tabel.tex) [43]
<percentages_van_vrouwenS1S2.png, id=975, 1011.78pt x 528.97626pt>
File: percentages_van_vrouwenS1S2.png Graphic file (type png)

<use percentages_van_vrouwenS1S2.png>
Package pdftex.def Info: percentages_van_vrouwenS1S2.png used on input line 85.

(pdftex.def)             Requested size: 395.15277pt x 206.59048pt.
 [44 <./percentages_van_vrouwenS1S2.png>]
Underfull \hbox (badness 10000) in paragraph at lines 111--112

 []

(hoogste_allochtonen_voorkeurstemmen_tabel.tex) [45]
<percentages_van_allochtonenS1S2.png, id=1012, 1011.78pt x 528.97626pt>
File: percentages_van_allochtonenS1S2.png Graphic file (type png)

<use percentages_van_allochtonenS1S2.png>
Package pdftex.def Info: percentages_van_allochtonenS1S2.png used on input line
 131.
(pdftex.def)             Requested size: 395.15277pt x 206.59048pt.


LaTeX Warning: Reference `sec:math' on page 46 undefined on input line 150.

[46 <./percentages_van_allochtonenS1S2.png>]
Underfull \hbox (badness 10000) in paragraph at lines 156--157

 []

(hoogste_ouderen_voorkeurstemmen_tabel2.tex) [47]
<percentages_van_ouderenS1S2.png, id=1041, 1011.78pt x 528.97626pt>
File: percentages_van_ouderenS1S2.png Graphic file (type png)

<use percentages_van_ouderenS1S2.png>
Package pdftex.def Info: percentages_van_ouderenS1S2.png used on input line 172
.
(pdftex.def)             Requested size: 395.15277pt x 206.59048pt.
 [48 <./percentages_van_ouderenS1S2.png>]
Underfull \hbox (badness 10000) in paragraph at lines 198--199

 []

(hoogste_provincialen_voorkeurstemmen_tabel3.tex)
Overfull \hbox (4.6397pt too wide) in paragraph at lines 1--205
 [][] 
 []

[49]
<percentages_van_provincialenS1S2S4.png, id=1071, 1571.8725pt x 809.0225pt>
File: percentages_van_provincialenS1S2S4.png Graphic file (type png)

<use percentages_van_provincialenS1S2S4.png>
Package pdftex.def Info: percentages_van_provincialenS1S2S4.png used on input l
ine 216.
(pdftex.def)             Requested size: 395.15277pt x 203.3785pt.
) (uitvoerbaarheid_strategien.tex
[50 <./percentages_van_provincialenS1S2S4.png>] [51]
Underfull \hbox (badness 10000) in paragraph at lines 17--19

 []

<website_verkiezingen.png, id=1100, 1382.16376pt x 777.90625pt>
File: website_verkiezingen.png Graphic file (type png)

<use website_verkiezingen.png>
Package pdftex.def Info: website_verkiezingen.png used on input line 24.
(pdftex.def)             Requested size: 395.15277pt x 222.39403pt.
 [52]

LaTeX Warning: Reference `fig:eva' on page 53 undefined on input line 32.

<app_verkiezingen.png, id=1110, 1021.8175pt x 792.9625pt>
File: app_verkiezingen.png Graphic file (type png)

<use app_verkiezingen.png>
Package pdftex.def Info: app_verkiezingen.png used on input line 39.
(pdftex.def)             Requested size: 395.15277pt x 306.64061pt.
 [53 <./website_verkiezingen.png>] [54 <./app_verkiezingen.png>] [55] [56]) (te
genbeweging_speltheorie.tex
Overfull \hbox (11.03885pt too wide) in paragraph at lines 5--5
\OT1/cmr/bx/n/12 zich com-mit-teert aan een stra-te-gie en een an-dere be-vol-k
ings-groep(met
 []

[57]
Underfull \hbox (badness 10000) in paragraph at lines 36--37

 []

(nashtabel1.tex
Missing character: There is no ; in font nullfont!
Missing character: There is no ; in font nullfont!
) [58] [59]
Underfull \hbox (badness 10000) in paragraph at lines 87--89

 []

) (Voorkomen_uitbuiting.tex [60]
Underfull \hbox (badness 10000) in paragraph at lines 10--11

 []

[61]) (conclusie.tex [62] [63] [64]) (main.bbl [65]
Underfull \hbox (badness 1442) in paragraph at lines 683--697
[]\OT1/cmr/m/n/10 EuropeCouncil.  (2012).  \OT1/cmr/m/it/10 Po-si-tive ac-tion 
in the field of equa-lity bet-ween wo-men
 []


Underfull \hbox (badness 1590) in paragraph at lines 683--697
\OT1/cmr/m/it/10 and men.  \OT1/cmr/m/n/10 Stras-bourg: Coun-cil of Eu-rope. Di
s-ponvel em: http://www. coe.
 []


Underfull \hbox (badness 1248) in paragraph at lines 916--929
[]\OT1/cmr/m/n/10 Kiesraad.  (2012a).  \OT1/cmr/m/it/10 Kies-raad da-ta-bank ve
r-kie-zings-uit-sla-gen.  \OT1/cmr/m/n/10 Op 2016-03-18 ver-
 []


Underfull \hbox (badness 2012) in paragraph at lines 916--929
\OT1/cmr/m/n/10 kre-gen van [][]$\OT1/cmtt/m/n/10 http :// www [] .verkiezingsu
itslagen [] .nl / Na1918 / Verkiezingsuitslagen []$
 []

[66]
Underfull \hbox (badness 4467) in paragraph at lines 1015--1024
[]\OT1/cmr/m/it/10 Kiesstelsels - par-le-ment & po-li-tiek.  \OT1/cmr/m/n/10 (2
012).  [][]$\OT1/cmtt/m/n/10 http :// www [] .parlement [] .com / id /$
 []

[67]
Underfull \hbox (badness 2310) in paragraph at lines 1478--1493
[]\OT1/cmr/m/n/10 Opiniehuis.  (2012).  \OT1/cmr/m/it/10 Opi-nie-huis opi-nie-p
ei-ling naar stem-ge-drag en stem-mo-tie-ven
 []


Underfull \hbox (badness 10000) in paragraph at lines 1505--1519
$\OT1/cmtt/m/n/10 .files [] .wordpress [] .com / 2011 / 09 / distributed [] -ap
plication [] -architecture [] .pdf$[][]\OT1/cmr/m/n/10 .
 []


Underfull \hbox (badness 1132) in paragraph at lines 1604--1612
[]\OT1/cmr/m/it/10 Randstedeling - 2 de-fi-ni-ties - en-cy-clo.  \OT1/cmr/m/n/1
0 (2012).  [][]$\OT1/cmtt/m/n/10 http :// www [] .encyclo [] .nl / begrip /$
 []


Underfull \hbox (badness 1173) in paragraph at lines 1624--1638
[]\OT1/cmr/m/n/10 Republiekallochtonie.nl.  (2012).  \OT1/cmr/m/it/10 re-pu-bli
e-kal-loch-tonie.nlaantal al-loch-tone tweede ka-
 []


Underfull \hbox (badness 4242) in paragraph at lines 1624--1638
\OT1/cmr/m/it/10 mer-le-den neemt waar-schijn-lijk met een derde af.  \OT1/cmr/
m/n/10 Op 2016-04-22 ver-kre-gen
 []

[68]
Underfull \hbox (badness 5667) in paragraph at lines 1973--1987
\OT1/cmr/m/n/10 2016-05-16 ver-kre-gen van [][]$\OT1/cmtt/m/n/10 http :// www [
] .trouw [] .nl / tr / nl / 4504 / Economie / article /$
 []


Underfull \hbox (badness 10000) in paragraph at lines 1973--1987
$\OT1/cmtt/m/n/10 detail / 3666338 / 2014 / 06 / 04 / Participatiewet [] -vergr
oot [] -kloof [] -tussen [] -Randstad []$
 []


Underfull \hbox (badness 10000) in paragraph at lines 2274--2288
$\OT1/cmtt/m/n/10 Besluitenlijsten / 2014 / 4 [] .8 % 20 % 20bestuursconvenant 
% 20samenwerking % 20alphen []$
 []

) (bijlage1.tex [69] (tabel1_allochtonen.tex) [70] (tabel2_allochtonen.tex)
[71] <Aantal_allochtonen_aantal_zetels.png, id=1340, 986.68625pt x 596.2275pt>
File: Aantal_allochtonen_aantal_zetels.png Graphic file (type png)

<use Aantal_allochtonen_aantal_zetels.png>
Package pdftex.def Info: Aantal_allochtonen_aantal_zetels.png used on input lin
e 58.
(pdftex.def)             Requested size: 395.15277pt x 238.7779pt.
 (tabel3_allochtonen.tex) [72 <./Aantal_allochtonen_aantal_zetels.png>]
<stemmen_op_allochtonen_topN_samen2.png, id=1353, 1038.88126pt x 479.7925pt>
File: stemmen_op_allochtonen_topN_samen2.png Graphic file (type png)

<use stemmen_op_allochtonen_topN_samen2.png>
Package pdftex.def Info: stemmen_op_allochtonen_topN_samen2.png used on input l
ine 95.
(pdftex.def)             Requested size: 395.15277pt x 182.49141pt.
 [73 <./stemmen_op_allochtonen_topN_samen2.png>]
<pie_chart_topN_allochtonen.png, id=1363, 736.7525pt x 685.56125pt>
File: pie_chart_topN_allochtonen.png Graphic file (type png)

<use pie_chart_topN_allochtonen.png>
Package pdftex.def Info: pie_chart_topN_allochtonen.png used on input line 110.

(pdftex.def)             Requested size: 138.30588pt x 128.68886pt.

<stemmen_op_allochtonen_willekeurig_samen2.png, id=1367, 1038.88126pt x 479.792
5pt>
File: stemmen_op_allochtonen_willekeurig_samen2.png Graphic file (type png)
 <use stemmen_op_allochtonen_willekeurig_samen2.png>
Package pdftex.def Info: stemmen_op_allochtonen_willekeurig_samen2.png used on 
input line 135.
(pdftex.def)             Requested size: 395.15277pt x 182.49141pt.
 [74 <./pie_chart_topN_allochtonen.png>]
File: pie_chart_topN_allochtonen.png Graphic file (type png)
 <use pie_chart_topN_allochtonen.png>
Package pdftex.def Info: pie_chart_topN_allochtonen.png used on input line 150.

(pdftex.def)             Requested size: 138.30588pt x 128.68886pt.
 [75 <./stemmen_op_allochtonen_willekeurig_samen2.png>] (tabel1_ouderen.tex) [7
6] (tabel2_ouderen.tex)
<Aantal_ouderen_aantal_zetels.png, id=1401, 986.68625pt x 596.2275pt>
File: Aantal_ouderen_aantal_zetels.png Graphic file (type png)

<use Aantal_ouderen_aantal_zetels.png>
Package pdftex.def Info: Aantal_ouderen_aantal_zetels.png used on input line 21
6.
(pdftex.def)             Requested size: 387.24802pt x 234.00162pt.
 [77 <./Aantal_ouderen_aantal_zetels.png>] (tabel3_ouderen.tex)
<stemmen_op_ouderen_topN_peiling.png, id=1412, 1078.0275pt x 435.6275pt>
File: stemmen_op_ouderen_topN_peiling.png Graphic file (type png)

<use stemmen_op_ouderen_topN_peiling.png>
Package pdftex.def Info: stemmen_op_ouderen_topN_peiling.png used on input line
 248.
(pdftex.def)             Requested size: 395.15277pt x 159.6774pt.
 [78 <./stemmen_op_ouderen_topN_peiling.png>]

Package caption Warning: \label without proper reference on input line 267.
See the caption package documentation for explanation.


LaTeX Warning: Reference `fig:pcS1O' on page 79 undefined on input line 259.

<pie_chart_topN_ouderen.png, id=1422, 855.195pt x 685.56125pt>
File: pie_chart_topN_ouderen.png Graphic file (type png)

<use pie_chart_topN_ouderen.png>
Package pdftex.def Info: pie_chart_topN_ouderen.png used on input line 263.
(pdftex.def)             Requested size: 165.96344pt x 133.04056pt.

<stemmen_op_ouderen_willekeurig_samen.png, id=1426, 1078.0275pt x 435.6275pt>
File: stemmen_op_ouderen_willekeurig_samen.png Graphic file (type png)

<use stemmen_op_ouderen_willekeurig_samen.png>
Package pdftex.def Info: stemmen_op_ouderen_willekeurig_samen.png used on input
 line 288.
(pdftex.def)             Requested size: 395.15277pt x 159.6774pt.
 [79 <./pie_chart_topN_ouderen.png>] <pie_chart_willekeurig_ouderen.png, id=143
7, 801.99625pt x 685.56125pt>
File: pie_chart_willekeurig_ouderen.png Graphic file (type png)

<use pie_chart_willekeurig_ouderen.png>
Package pdftex.def Info: pie_chart_willekeurig_ouderen.png used on input line 3
03.
(pdftex.def)             Requested size: 165.96344pt x 141.86948pt.
 [80 <./stemmen_op_ouderen_willekeurig_samen.png> <./pie_chart_willekeurig_oude
ren.png>]
<top15_of_topN_kandidaten_ouderen.png, id=1446, 986.68625pt x 573.14125pt>
File: top15_of_topN_kandidaten_ouderen.png Graphic file (type png)

<use top15_of_topN_kandidaten_ouderen.png>
Package pdftex.def Info: top15_of_topN_kandidaten_ouderen.png used on input lin
e 331.
(pdftex.def)             Requested size: 395.15277pt x 229.53229pt.

<stemmen_op_ouderen_top15_of_topN_samen.png, id=1450, 1078.0275pt x 479.7925pt>
File: stemmen_op_ouderen_top15_of_topN_samen.png Graphic file (type png)
<use stemmen_op_ouderen_top15_of_topN_samen.png>
Package pdftex.def Info: stemmen_op_ouderen_top15_of_topN_samen.png used on inp
ut line 346.
(pdftex.def)             Requested size: 395.15277pt x 175.86588pt.
 [81 <./top15_of_topN_kandidaten_ouderen.png>]
<pie_chart_top15_of_topN_ouderen.png, id=1460, 843.15pt x 685.56125pt>
File: pie_chart_top15_of_topN_ouderen.png Graphic file (type png)

<use pie_chart_top15_of_topN_ouderen.png>
Package pdftex.def Info: pie_chart_top15_of_topN_ouderen.png used on input line
 360.
(pdftex.def)             Requested size: 165.96344pt x 134.94443pt.
 [82 <./stemmen_op_ouderen_top15_of_topN_samen.png> <./pie_chart_top15_of_topN_
ouderen.png>]
<eigenX_partijen_ouderen.png, id=1469, 986.68625pt x 578.16pt>
File: eigenX_partijen_ouderen.png Graphic file (type png)

<use eigenX_partijen_ouderen.png>
Package pdftex.def Info: eigenX_partijen_ouderen.png used on input line 383.
(pdftex.def)             Requested size: 395.15277pt x 231.5422pt.
 [83 <./eigenX_partijen_ouderen.png>]
<stemmen_op_ouderen_eigenX_samen.png, id=1479, 1078.0275pt x 435.6275pt>
File: stemmen_op_ouderen_eigenX_samen.png Graphic file (type png)

<use stemmen_op_ouderen_eigenX_samen.png>
Package pdftex.def Info: stemmen_op_ouderen_eigenX_samen.png used on input line
 399.
(pdftex.def)             Requested size: 395.15277pt x 159.6774pt.

<pie_chart_eigenX_ouderen.png, id=1482, 721.69624pt x 685.56125pt>
File: pie_chart_eigenX_ouderen.png Graphic file (type png)

<use pie_chart_eigenX_ouderen.png>
Package pdftex.def Info: pie_chart_eigenX_ouderen.png used on input line 414.
(pdftex.def)             Requested size: 158.05869pt x 150.14398pt.
 [84 <./stemmen_op_ouderen_eigenX_samen.png>] <topN_vermenigvuldiging_ouderen.p
ng, id=1492, 1190.4475pt x 730.73pt>
File: topN_vermenigvuldiging_ouderen.png Graphic file (type png)

<use topN_vermenigvuldiging_ouderen.png>
Package pdftex.def Info: topN_vermenigvuldiging_ouderen.png used on input line 
444.
(pdftex.def)             Requested size: 395.15277pt x 242.54654pt.
 [85 <./pie_chart_eigenX_ouderen.png>]
<stemmen_op_ouderen_topNextrapercentage_samen.png, id=1503, 1409.265pt x 879.28
5pt>
File: stemmen_op_ouderen_topNextrapercentage_samen.png Graphic file (type png)
 <use stemmen_op_ouderen_topNextrapercentage_samen.png>
Package pdftex.def Info: stemmen_op_ouderen_topNextrapercentage_samen.png used 
on input line 459.
(pdftex.def)             Requested size: 395.15277pt x 246.54695pt.
 [86 <./topN_vermenigvuldiging_ouderen.png>]
<topNextrapercentage_aantal_ouderen_overzicht.png, id=1512, 993.7125pt x 498.86
375pt>
File: topNextrapercentage_aantal_ouderen_overzicht.png Graphic file (type png)
 <use topNextrapercentage_aantal_ouderen_overzicht.png>
Package pdftex.def Info: topNextrapercentage_aantal_ouderen_overzicht.png used 
on input line 477.
(pdftex.def)             Requested size: 395.15277pt x 198.37732pt.
 [87 <./stemmen_op_ouderen_topNextrapercentage_samen.png>] [88 <./topNextraperc
entage_aantal_ouderen_overzicht.png>] (tabel1_provincialen.tex) (tabel2_provinc
ialen.tex)

LaTeX Warning: `h' float specifier changed to `ht'.

<Aantal_provincialen_aantal_zetels.png, id=1538, 986.68625pt x 596.2275pt>
File: Aantal_provincialen_aantal_zetels.png Graphic file (type png)

<use Aantal_provincialen_aantal_zetels.png>
Package pdftex.def Info: Aantal_provincialen_aantal_zetels.png used on input li
ne 544.
(pdftex.def)             Requested size: 395.15277pt x 238.7779pt.
 [89] (tabel3_provincialen.tex)

LaTeX Warning: `h' float specifier changed to `ht'.

[90 <./Aantal_provincialen_aantal_zetels.png>]
<stemmen_op_provincialen_topN_samen.png, id=1557, 1078.0275pt x 435.6275pt>
File: stemmen_op_provincialen_topN_samen.png Graphic file (type png)

<use stemmen_op_provincialen_topN_samen.png>
Package pdftex.def Info: stemmen_op_provincialen_topN_samen.png used on input l
ine 577.
(pdftex.def)             Requested size: 395.15277pt x 159.6774pt.

<pie_chart_topN_provincialen.png, id=1560, 1025.8325pt x 685.56125pt>
File: pie_chart_topN_provincialen.png Graphic file (type png)

<use pie_chart_topN_provincialen.png>
Package pdftex.def Info: pie_chart_topN_provincialen.png used on input line 592
.
(pdftex.def)             Requested size: 177.81754pt x 118.83478pt.
 [91 <./stemmen_op_provincialen_topN_samen.png>]
<stemmen_op_provincialen_willekeurig_samen.png, id=1572, 1078.0275pt x 435.6275
pt>
File: stemmen_op_provincialen_willekeurig_samen.png Graphic file (type png)
 <use stemmen_op_provincialen_willekeurig_samen.png>
Package pdftex.def Info: stemmen_op_provincialen_willekeurig_samen.png used on 
input line 617.
(pdftex.def)             Requested size: 395.15277pt x 159.6774pt.
 [92 <./pie_chart_topN_provincialen.png>]
<pie_chart_willekeurig_provincialen1.png, id=1581, 997.7275pt x 685.56125pt>
File: pie_chart_willekeurig_provincialen1.png Graphic file (type png)

<use pie_chart_willekeurig_provincialen1.png>
Package pdftex.def Info: pie_chart_willekeurig_provincialen1.png used on input 
line 632.
(pdftex.def)             Requested size: 177.81754pt x 122.18224pt.
 [93 <./stemmen_op_provincialen_willekeurig_samen.png> <./pie_chart_willekeurig
_provincialen1.png>]
<top15_of_topN_kandidaten_provincialen.png, id=1590, 986.68625pt x 578.16pt>
File: top15_of_topN_kandidaten_provincialen.png Graphic file (type png)

<use top15_of_topN_kandidaten_provincialen.png>
Package pdftex.def Info: top15_of_topN_kandidaten_provincialen.png used on inpu
t line 655.
(pdftex.def)             Requested size: 395.15277pt x 231.5422pt.

<stemmen_op_provincialen_top15_of_topN_samen.png, id=1594, 1078.0275pt x 435.62
75pt>
File: stemmen_op_provincialen_top15_of_topN_samen.png Graphic file (type png)
 <use stemmen_op_provincialen_top15_of_topN_samen.png>
Package pdftex.def Info: stemmen_op_provincialen_top15_of_topN_samen.png used o
n input line 668.
(pdftex.def)             Requested size: 395.15277pt x 159.6774pt.
 [94 <./top15_of_topN_kandidaten_provincialen.png>]
<pie_chart_top15_of_topN_provincialen.png, id=1604, 785.93625pt x 685.56125pt>
File: pie_chart_top15_of_topN_provincialen.png Graphic file (type png)

<use pie_chart_top15_of_topN_provincialen.png>
Package pdftex.def Info: pie_chart_top15_of_topN_provincialen.png used on input
 line 682.
(pdftex.def)             Requested size: 158.05869pt x 137.87346pt.
 [95 <./stemmen_op_provincialen_top15_of_topN_samen.png> <./pie_chart_top15_of_
topN_provincialen.png>]
<eigenX_partijen_provincialen.png, id=1613, 986.68625pt x 578.16pt>
File: eigenX_partijen_provincialen.png Graphic file (type png)

<use eigenX_partijen_provincialen.png>
Package pdftex.def Info: eigenX_partijen_provincialen.png used on input line 70
2.
(pdftex.def)             Requested size: 395.15277pt x 231.5422pt.

<stemmen_op_provincialen_eigenX_samen.png, id=1617, 1078.0275pt x 479.7925pt>
File: stemmen_op_provincialen_eigenX_samen.png Graphic file (type png)

<use stemmen_op_provincialen_eigenX_samen.png>
Package pdftex.def Info: stemmen_op_provincialen_eigenX_samen.png used on input
 line 716.
(pdftex.def)             Requested size: 395.15277pt x 175.86588pt.
 [96 <./eigenX_partijen_provincialen.png>] <pie_chart_eigenX_provincialen.png, 
id=1627, 931.48pt x 685.56125pt>
File: pie_chart_eigenX_provincialen.png Graphic file (type png)

<use pie_chart_eigenX_provincialen.png>
Package pdftex.def Info: pie_chart_eigenX_provincialen.png used on input line 7
31.
(pdftex.def)             Requested size: 177.81754pt x 130.86472pt.
 [97 <./stemmen_op_provincialen_eigenX_samen.png> <./pie_chart_eigenX_provincia
len.png>]
Overfull \hbox (7.48195pt too wide) in paragraph at lines 750--751
[] []\OT1/cmr/bx/n/10 Maxi-maal aan-tal pro-vin-ci-ale per par-tij(top \OT1/cmr
/bx/it/10 N+extra per-cen-tage\OT1/cmr/bx/n/10 ) dat in de Tweede
 []

<topN_vermenigvuldiging_provincialen.png, id=1638, 1190.4475pt x 730.73pt>
File: topN_vermenigvuldiging_provincialen.png Graphic file (type png)

<use topN_vermenigvuldiging_provincialen.png>
Package pdftex.def Info: topN_vermenigvuldiging_provincialen.png used on input 
line 755.
(pdftex.def)             Requested size: 395.15277pt x 242.54654pt.
 [98 <./topN_vermenigvuldiging_provincialen.png>]
<stemmen_op_provincialen_topNextrapercentage_uitslag.png, id=1648, 1371.1225pt 
x 879.285pt>
File: stemmen_op_provincialen_topNextrapercentage_uitslag.png Graphic file (typ
e png)
 <use stemmen_op_provincialen_topNextrapercentage_uitslag.png>
Package pdftex.def Info: stemmen_op_provincialen_topNextrapercentage_uitslag.pn
g used on input line 771.
(pdftex.def)             Requested size: 395.15277pt x 253.40294pt.

<topNextrapercentage_aantal_provincialen_overzicht.png, id=1651, 993.7125pt x 4
98.86375pt>
File: topNextrapercentage_aantal_provincialen_overzicht.png Graphic file (type 
png)
 <use topNextrapercentage_aantal_provincialen_overzicht.png>
Package pdftex.def Info: topNextrapercentage_aantal_provincialen_overzicht.png 
used on input line 787.
(pdftex.def)             Requested size: 395.15277pt x 198.37732pt.

[99 <./stemmen_op_provincialen_topNextrapercentage_uitslag.png>]) (bijlage2.tex
[100 <./topNextrapercentage_aantal_provincialen_overzicht.png>] [101])

Package natbib Warning: There were undefined citations.

Package atveryend Info: Empty hook `BeforeClearDocument' on input line 137.
Package atveryend Info: Empty hook `AfterLastShipout' on input line 137.
(main.aux)
Package atveryend Info: Executing hook `AtVeryEndDocument' on input line 137.
Package atveryend Info: Executing hook `AtEndAfterFileList' on input line 137.
Package rerunfilecheck Info: File `main.out' has not changed.
(rerunfilecheck)             Checksum: DE2F9B6C83B931815CBA770AD30C4069;4858.


LaTeX Warning: There were undefined references.

Package atveryend Info: Empty hook `AtVeryVeryEnd' on input line 137.
 ) 
Here is how much of TeX's memory you used:
 25276 strings out of 493634
 473249 string characters out of 3134423
 664165 words of memory out of 3000000
 27771 multiletter control sequences out of 15000+200000
 11020 words of font info for 40 fonts, out of 3000000 for 9000
 1025 hyphenation exceptions out of 8191
 62i,11n,77p,2913b,696s stack positions out of 5000i,500n,10000p,200000b,50000s
<C:/Users/Michael/AppData/Local/Programs/MiKTeX 2.9/fonts/type1/public/amsfon
ts/cm/cmbx10.pfb><C:/Users/Michael/AppData/Local/Programs/MiKTeX 2.9/fonts/type
1/public/amsfonts/cm/cmbx12.pfb><C:/Users/Michael/AppData/Local/Programs/MiKTeX
 2.9/fonts/type1/public/amsfonts/cm/cmbx8.pfb><C:/Users/Michael/AppData/Local/P
rograms/MiKTeX 2.9/fonts/type1/public/amsfonts/cm/cmbx9.pfb><C:/Users/Michael/A
ppData/Local/Programs/MiKTeX 2.9/fonts/type1/public/amsfonts/cm/cmbxti10.pfb><C
:/Users/Michael/AppData/Local/Programs/MiKTeX 2.9/fonts/type1/public/amsfonts/c
m/cmmi10.pfb><C:/Users/Michael/AppData/Local/Programs/MiKTeX 2.9/fonts/type1/pu
blic/amsfonts/cm/cmr10.pfb><C:/Users/Michael/AppData/Local/Programs/MiKTeX 2.9/
fonts/type1/public/amsfonts/cm/cmr17.pfb><C:/Users/Michael/AppData/Local/Progra
ms/MiKTeX 2.9/fonts/type1/public/amsfonts/cm/cmr8.pfb><C:/Users/Michael/AppData
/Local/Programs/MiKTeX 2.9/fonts/type1/public/amsfonts/cm/cmsy10.pfb><C:/Users/
Michael/AppData/Local/Programs/MiKTeX 2.9/fonts/type1/public/amsfonts/cm/cmti10
.pfb><C:/Users/Michael/AppData/Local/Programs/MiKTeX 2.9/fonts/type1/public/ams
fonts/cm/cmti8.pfb><C:/Users/Michael/AppData/Local/Programs/MiKTeX 2.9/fonts/ty
pe1/public/amsfonts/cm/cmtt10.pfb>
Output written on main.pdf (101 pages, 2533804 bytes).
PDF statistics:
 1782 PDF objects out of 2073 (max. 8388607)
 324 named destinations out of 1000 (max. 500000)
 686 words of extra memory for PDF output out of 10000 (max. 10000000)

